2025-09-25 19:29:35 [ERROR]: (node:14632) [MONGODB DRIVER] Warning: useNewUrlParser is a deprecated option: useNewUrlParser has no effect since Node.js Driver version 4.0.0 and will be removed in the next major version
(Use `node --trace-warnings ...` to show where the warning was created)
2025-09-25 19:29:35 [ERROR]: (node:14632) [MONGODB DRIVER] Warning: useUnifiedTopology is a deprecated option: useUnifiedTopology has no effect since Node.js Driver version 4.0.0 and will be removed in the next major version
2025-09-25 21:14:32 [ERROR]: (node:3340) [MONGODB DRIVER] Warning: useNewUrlParser is a deprecated option: useNewUrlParser has no effect since Node.js Driver version 4.0.0 and will be removed in the next major version
(Use `node --trace-warnings ...` to show where the warning was created)
2025-09-25 21:14:32 [ERROR]: (node:3340) [MONGODB DRIVER] Warning: useUnifiedTopology is a deprecated option: useUnifiedTopology has no effect since Node.js Driver version 4.0.0 and will be removed in the next major version
2025-09-25 21:42:42 [ERROR]: (node:38996) [MONGODB DRIVER] Warning: useNewUrlParser is a deprecated option: useNewUrlParser has no effect since Node.js Driver version 4.0.0 and will be removed in the next major version
(Use `node --trace-warnings ...` to show where the warning was created)
2025-09-25 21:42:42 [ERROR]: (node:38996) [MONGODB DRIVER] Warning: useUnifiedTopology is a deprecated option: useUnifiedTopology has no effect since Node.js Driver version 4.0.0 and will be removed in the next major version
2025-09-26 10:20:07 [ERROR]: (node:30056) [MONGODB DRIVER] Warning: useNewUrlParser is a deprecated option: useNewUrlParser has no effect since Node.js Driver version 4.0.0 and will be removed in the next major version
(Use `node --trace-warnings ...` to show where the warning was created)
2025-09-26 10:20:07 [ERROR]: (node:30056) [MONGODB DRIVER] Warning: useUnifiedTopology is a deprecated option: useUnifiedTopology has no effect since Node.js Driver version 4.0.0 and will be removed in the next major version
2025-09-26 10:54:09 [ERROR]: (node:24308) [MONGODB DRIVER] Warning: useNewUrlParser is a deprecated option: useNewUrlParser has no effect since Node.js Driver version 4.0.0 and will be removed in the next major version
(Use `node --trace-warnings ...` to show where the warning was created)
2025-09-26 10:54:09 [ERROR]: (node:24308) [MONGODB DRIVER] Warning: useUnifiedTopology is a deprecated option: useUnifiedTopology has no effect since Node.js Driver version 4.0.0 and will be removed in the next major version
2025-09-26 15:18:25 [ERROR]: (node:32536) [MONGODB DRIVER] Warning: useNewUrlParser is a deprecated option: useNewUrlParser has no effect since Node.js Driver version 4.0.0 and will be removed in the next major version
(Use `node --trace-warnings ...` to show where the warning was created)
2025-09-26 15:18:25 [ERROR]: (node:32536) [MONGODB DRIVER] Warning: useUnifiedTopology is a deprecated option: useUnifiedTopology has no effect since Node.js Driver version 4.0.0 and will be removed in the next major version
2025-09-26 15:33:32 [ERROR]: (node:17792) [MONGODB DRIVER] Warning: useNewUrlParser is a deprecated option: useNewUrlParser has no effect since Node.js Driver version 4.0.0 and will be removed in the next major version
(Use `node --trace-warnings ...` to show where the warning was created)
2025-09-26 15:33:32 [ERROR]: (node:17792) [MONGODB DRIVER] Warning: useUnifiedTopology is a deprecated option: useUnifiedTopology has no effect since Node.js Driver version 4.0.0 and will be removed in the next major version
2025-09-26 16:17:00 [ERROR]: (node:23380) [MONGODB DRIVER] Warning: useNewUrlParser is a deprecated option: useNewUrlParser has no effect since Node.js Driver version 4.0.0 and will be removed in the next major version
(Use `node --trace-warnings ...` to show where the warning was created)
2025-09-26 16:17:00 [ERROR]: (node:23380) [MONGODB DRIVER] Warning: useUnifiedTopology is a deprecated option: useUnifiedTopology has no effect since Node.js Driver version 4.0.0 and will be removed in the next major version
2025-09-26 18:22:09 [ERROR]: (node:39524) [MONGODB DRIVER] Warning: useNewUrlParser is a deprecated option: useNewUrlParser has no effect since Node.js Driver version 4.0.0 and will be removed in the next major version
(Use `node --trace-warnings ...` to show where the warning was created)
2025-09-26 18:22:09 [ERROR]: (node:39524) [MONGODB DRIVER] Warning: useUnifiedTopology is a deprecated option: useUnifiedTopology has no effect since Node.js Driver version 4.0.0 and will be removed in the next major version
2025-09-26 18:39:49 [ERROR]: TypeError: C:\Users\Lenovo\Desktop\P_SAREE SOUL\views\user\edit-personal-info.ejs:33
    31|                         class="rounded-circle border d-flex align-items-center justify-content-center fw-bold"
    32|                         style="width:70px;height:70px;object-fit:cover;background:#ddd;">
 >> 33|                         <%= user.name.charAt(0).toUpperCase() %>
    34|                       </div>
    35|                       <% } %>
    36|                 </div>

Cannot read properties of undefined (reading 'charAt')
    at eval (eval at compile (C:\Users\Lenovo\Desktop\P_SAREE SOUL\node_modules\ejs\lib\ejs.js:673:12), <anonymous>:27:36)
    at edit-personal-info (C:\Users\Lenovo\Desktop\P_SAREE SOUL\node_modules\ejs\lib\ejs.js:703:17)
    at tryHandleCache (C:\Users\Lenovo\Desktop\P_SAREE SOUL\node_modules\ejs\lib\ejs.js:274:36)
    at exports.renderFile [as engine] (C:\Users\Lenovo\Desktop\P_SAREE SOUL\node_modules\ejs\lib\ejs.js:491:10)
    at View.render (C:\Users\Lenovo\Desktop\P_SAREE SOUL\node_modules\express\lib\view.js:139:8)
    at tryRender (C:\Users\Lenovo\Desktop\P_SAREE SOUL\node_modules\express\lib\application.js:627:10)
    at Function.render (C:\Users\Lenovo\Desktop\P_SAREE SOUL\node_modules\express\lib\application.js:574:3)
    at ServerResponse.render (C:\Users\Lenovo\Desktop\P_SAREE SOUL\node_modules\express\lib\response.js:909:7)
    at renderEditPersonal (C:\Users\Lenovo\Desktop\P_SAREE SOUL\controllers\user\profileController.js:24:9)
    at process.processTicksAndRejections (node:internal/process/task_queues:105:5)
2025-09-26 20:33:20 [ERROR]: (node:39352) [MONGODB DRIVER] Warning: useNewUrlParser is a deprecated option: useNewUrlParser has no effect since Node.js Driver version 4.0.0 and will be removed in the next major version
(Use `node --trace-warnings ...` to show where the warning was created)
2025-09-26 20:33:20 [ERROR]: (node:39352) [MONGODB DRIVER] Warning: useUnifiedTopology is a deprecated option: useUnifiedTopology has no effect since Node.js Driver version 4.0.0 and will be removed in the next major version
2025-09-26 20:34:21 [ERROR]: ReferenceError: updateUser is not defined
2025-09-26 20:35:22 [ERROR]: ReferenceError: updateUser is not defined
2025-09-26 20:44:03 [ERROR]: ReferenceError: updateUser is not defined
2025-09-26 20:46:31 [ERROR]: TypeError: Cannot read properties of undefined (reading 'path')
2025-09-26 20:47:15 [ERROR]: ReferenceError: updateUser is not defined
2025-09-26 20:47:17 [ERROR]: ReferenceError: updateUser is not defined
2025-09-26 20:48:41 [ERROR]: ReferenceError: updateUser is not defined
2025-09-26 20:59:14 [ERROR]: ReferenceError: updateUser is not defined
2025-09-26 21:00:09 [ERROR]: ReferenceError: updateUser is not defined
2025-09-26 21:04:58 [ERROR]: TypeError: Cannot read properties of undefined (reading 'path')
2025-09-26 21:07:40 [ERROR]: ReferenceError: updateUser is not defined
2025-09-27 09:03:34 [ERROR]: (node:28968) [MONGODB DRIVER] Warning: useNewUrlParser is a deprecated option: useNewUrlParser has no effect since Node.js Driver version 4.0.0 and will be removed in the next major version
(Use `node --trace-warnings ...` to show where the warning was created)
2025-09-27 09:04:16 [ERROR]: (node:14692) [MONGODB DRIVER] Warning: useNewUrlParser is a deprecated option: useNewUrlParser has no effect since Node.js Driver version 4.0.0 and will be removed in the next major version
(Use `node --trace-warnings ...` to show where the warning was created)
2025-09-27 09:05:38 [ERROR]: (node:38836) [MONGODB DRIVER] Warning: useNewUrlParser is a deprecated option: useNewUrlParser has no effect since Node.js Driver version 4.0.0 and will be removed in the next major version
(Use `node --trace-warnings ...` to show where the warning was created)
2025-09-27 10:23:18 [ERROR]: this is an error
2025-09-27 11:35:55 [ERROR]: (node:41376) [MONGODB DRIVER] Warning: useNewUrlParser is a deprecated option: useNewUrlParser has no effect since Node.js Driver version 4.0.0 and will be removed in the next major version
(Use `node --trace-warnings ...` to show where the warning was created)
2025-09-27 11:35:55 [ERROR]: (node:41376) [MONGODB DRIVER] Warning: useUnifiedTopology is a deprecated option: useUnifiedTopology has no effect since Node.js Driver version 4.0.0 and will be removed in the next major version
2025-09-27 13:03:25 [ERROR]: (node:7988) [MONGODB DRIVER] Warning: useNewUrlParser is a deprecated option: useNewUrlParser has no effect since Node.js Driver version 4.0.0 and will be removed in the next major version
(Use `node --trace-warnings ...` to show where the warning was created)
2025-09-27 13:03:25 [ERROR]: (node:7988) [MONGODB DRIVER] Warning: useUnifiedTopology is a deprecated option: useUnifiedTopology has no effect since Node.js Driver version 4.0.0 and will be removed in the next major version
2025-09-27 15:38:15 [ERROR]: (node:15772) [MONGODB DRIVER] Warning: useNewUrlParser is a deprecated option: useNewUrlParser has no effect since Node.js Driver version 4.0.0 and will be removed in the next major version
(Use `node --trace-warnings ...` to show where the warning was created)
2025-09-27 15:38:15 [ERROR]: (node:15772) [MONGODB DRIVER] Warning: useUnifiedTopology is a deprecated option: useUnifiedTopology has no effect since Node.js Driver version 4.0.0 and will be removed in the next major version
2025-09-27 20:44:47 [ERROR]: (node:36112) [MONGODB DRIVER] Warning: useNewUrlParser is a deprecated option: useNewUrlParser has no effect since Node.js Driver version 4.0.0 and will be removed in the next major version
(Use `node --trace-warnings ...` to show where the warning was created)
2025-09-27 20:44:47 [ERROR]: (node:36112) [MONGODB DRIVER] Warning: useUnifiedTopology is a deprecated option: useUnifiedTopology has no effect since Node.js Driver version 4.0.0 and will be removed in the next major version
2025-09-27 20:49:45 [ERROR]: MongoServerError: E11000 duplicate key error collection: sareeSoul.users index: email_1 dup key: { email: "akhilapc0@gmail.com" }
    at InsertOneOperation.execute (C:\Users\Lenovo\Desktop\P_SAREE SOUL\node_modules\mongodb\lib\operations\insert.js:51:19)
    at process.processTicksAndRejections (node:internal/process/task_queues:105:5)
    at async tryOperation (C:\Users\Lenovo\Desktop\P_SAREE SOUL\node_modules\mongodb\lib\operations\execute_operation.js:207:20)
    at async executeOperation (C:\Users\Lenovo\Desktop\P_SAREE SOUL\node_modules\mongodb\lib\operations\execute_operation.js:75:16)
    at async Collection.insertOne (C:\Users\Lenovo\Desktop\P_SAREE SOUL\node_modules\mongodb\lib\collection.js:157:16)
2025-09-27 21:13:20 [ERROR]: Error adding variant: Cannot convert object to primitive value
2025-09-27 21:21:49 [ERROR]: Error adding variant: Cannot convert object to primitive value
2025-09-28 11:39:49 [ERROR]: Error adding variant: Cannot convert object to primitive value
2025-09-28 11:41:43 [ERROR]: Error adding variant: Cannot convert object to primitive value
2025-09-28 11:53:16 [ERROR]: Error adding variant: Cannot convert object to primitive value
2025-09-28 11:54:58 [ERROR]: (node:41376) [MONGODB DRIVER] Warning: useNewUrlParser is a deprecated option: useNewUrlParser has no effect since Node.js Driver version 4.0.0 and will be removed in the next major version
(Use `node --trace-warnings ...` to show where the warning was created)
2025-09-28 11:54:58 [ERROR]: (node:41376) [MONGODB DRIVER] Warning: useUnifiedTopology is a deprecated option: useUnifiedTopology has no effect since Node.js Driver version 4.0.0 and will be removed in the next major version
2025-09-28 11:55:27 [ERROR]: Error adding variant: Cannot convert object to primitive value
2025-09-28 11:56:18 [ERROR]: Error adding variant: Cannot convert object to primitive value
2025-09-28 12:04:59 [ERROR]: Error adding variant: Cannot convert object to primitive value
2025-09-28 12:14:17 [ERROR]: Error adding variant: Cannot convert object to primitive value
2025-09-28 12:23:55 [ERROR]: Error adding variant: Cannot convert object to primitive value
2025-09-28 12:30:49 [ERROR]: Error adding variant: Cannot convert object to primitive value
2025-09-28 12:39:56 [ERROR]: Error adding variant: Cannot convert object to primitive value
2025-09-28 12:46:28 [ERROR]: Error adding variant: Cannot convert object to primitive value
2025-09-28 12:57:28 [ERROR]: Error adding variant: Cannot convert object to primitive value
2025-09-28 13:03:57 [ERROR]: Error adding variant: Cannot convert object to primitive value
2025-09-28 13:10:50 [ERROR]: Error adding variant: Cannot convert object to primitive value
2025-09-28 13:31:05 [ERROR]: Error adding variant: Cannot convert object to primitive value
2025-09-28 13:33:38 [ERROR]: Error adding variant: Cannot convert object to primitive value
2025-09-28 14:58:17 [ERROR]: Error adding variant: Cannot convert object to primitive value
2025-09-28 15:02:55 [ERROR]: Error adding variant: Cannot convert object to primitive value
2025-09-28 15:10:01 [ERROR]: Error adding variant: Cannot convert object to primitive value
2025-09-28 15:11:10 [ERROR]: Error adding variant: Cannot convert object to primitive value
2025-09-28 18:32:20 [ERROR]: Error editing variant: Cannot convert object to primitive value
2025-09-28 20:50:11 [ERROR]: Error editing variant: Cannot convert object to primitive value
2025-09-28 20:52:20 [ERROR]: Error editing variant: Cannot convert object to primitive value
2025-09-29 10:34:18 [ERROR]: Error editing variant: Cannot convert object to primitive value
2025-09-29 10:35:44 [ERROR]: Error editing variant: Cannot convert object to primitive value
2025-09-29 10:41:25 [ERROR]: Error editing variant: Cannot convert object to primitive value
2025-09-29 10:44:16 [ERROR]: Error editing variant: Cannot convert object to primitive value
2025-09-29 10:50:30 [ERROR]: Error editing variant: Cannot convert object to primitive value
2025-09-29 10:51:17 [ERROR]: Error editing variant: Cannot convert object to primitive value
2025-09-29 10:53:46 [ERROR]: Error editing variant: Cannot convert object to primitive value
2025-09-29 10:55:34 [ERROR]: Error editing variant: Cannot convert object to primitive value
2025-09-29 10:56:23 [ERROR]: Error editing variant: Cannot convert object to primitive value
2025-09-29 11:57:29 [ERROR]: Error editing variant: Cannot convert object to primitive value
2025-09-29 12:00:52 [ERROR]: Error editing variant: Cannot convert object to primitive value
2025-09-29 12:04:55 [ERROR]: Error editing variant: Cannot convert object to primitive value
2025-09-29 12:07:22 [ERROR]: Error editing variant: Cannot convert object to primitive value
2025-09-29 12:09:28 [ERROR]: Error editing variant: Cannot convert object to primitive value
2025-09-29 12:09:59 [ERROR]: Error editing variant: TypeError: Cannot convert object to primitive value
2025-09-29 12:11:23 [ERROR]: Error editing variant: TypeError: Cannot convert object to primitive value
2025-09-29 12:12:00 [ERROR]: Error editing variant: TypeError: Cannot convert object to primitive value
2025-09-29 12:19:47 [ERROR]: Error editing variant: TypeError: Cannot convert object to primitive value
2025-09-29 12:28:21 [ERROR]: Error editing variant: Cannot convert object to primitive value
2025-09-29 12:30:22 [ERROR]: Error editing variant: Cannot convert object to primitive value
2025-09-29 18:36:37 [ERROR]: ReferenceError: C:\Users\Lenovo\Desktop\P_SAREE SOUL\views\admin\brand-list.ejs:118
    116|                 <!-- Actions -->
    117|                   <div class="btn-group">
 >> 118|                     <% if (variant.isBlocked) { %>
    119|                       <button type="button" class="btn btn-success" onclick="toggleBlock('<%= variant._id %>', false)">
    120|                         <i class="material-icons md-lock_open"></i> Unblock
    121|                       </button>

variant is not defined
    at eval (eval at compile (C:\Users\Lenovo\Desktop\P_SAREE SOUL\node_modules\ejs\lib\ejs.js:673:12), <anonymous>:42:8)
    at Array.forEach (<anonymous>)
    at eval (eval at compile (C:\Users\Lenovo\Desktop\P_SAREE SOUL\node_modules\ejs\lib\ejs.js:673:12), <anonymous>:30:15)
    at brand-list (C:\Users\Lenovo\Desktop\P_SAREE SOUL\node_modules\ejs\lib\ejs.js:703:17)
    at tryHandleCache (C:\Users\Lenovo\Desktop\P_SAREE SOUL\node_modules\ejs\lib\ejs.js:274:36)
    at exports.renderFile [as engine] (C:\Users\Lenovo\Desktop\P_SAREE SOUL\node_modules\ejs\lib\ejs.js:491:10)
    at View.render (C:\Users\Lenovo\Desktop\P_SAREE SOUL\node_modules\express\lib\view.js:139:8)
    at tryRender (C:\Users\Lenovo\Desktop\P_SAREE SOUL\node_modules\express\lib\application.js:627:10)
    at Function.render (C:\Users\Lenovo\Desktop\P_SAREE SOUL\node_modules\express\lib\application.js:574:3)
    at ServerResponse.render (C:\Users\Lenovo\Desktop\P_SAREE SOUL\node_modules\express\lib\response.js:909:7)
2025-09-29 18:37:00 [ERROR]: ReferenceError: C:\Users\Lenovo\Desktop\P_SAREE SOUL\views\admin\brand-list.ejs:118
    116|                 <!-- Actions -->
    117|                   <div class="btn-group">
 >> 118|                     <% if (variant.isBlocked) { %>
    119|                       <button type="button" class="btn btn-success" onclick="toggleBlock('<%= brand._id %>', false)">
    120|                         <i class="material-icons md-lock_open"></i> Unblock
    121|                       </button>

variant is not defined
    at eval (eval at compile (C:\Users\Lenovo\Desktop\P_SAREE SOUL\node_modules\ejs\lib\ejs.js:673:12), <anonymous>:42:8)
    at Array.forEach (<anonymous>)
    at eval (eval at compile (C:\Users\Lenovo\Desktop\P_SAREE SOUL\node_modules\ejs\lib\ejs.js:673:12), <anonymous>:30:15)
    at brand-list (C:\Users\Lenovo\Desktop\P_SAREE SOUL\node_modules\ejs\lib\ejs.js:703:17)
    at tryHandleCache (C:\Users\Lenovo\Desktop\P_SAREE SOUL\node_modules\ejs\lib\ejs.js:274:36)
    at exports.renderFile [as engine] (C:\Users\Lenovo\Desktop\P_SAREE SOUL\node_modules\ejs\lib\ejs.js:491:10)
    at View.render (C:\Users\Lenovo\Desktop\P_SAREE SOUL\node_modules\express\lib\view.js:139:8)
    at tryRender (C:\Users\Lenovo\Desktop\P_SAREE SOUL\node_modules\express\lib\application.js:627:10)
    at Function.render (C:\Users\Lenovo\Desktop\P_SAREE SOUL\node_modules\express\lib\application.js:574:3)
    at ServerResponse.render (C:\Users\Lenovo\Desktop\P_SAREE SOUL\node_modules\express\lib\response.js:909:7)
2025-09-29 18:37:01 [ERROR]: ReferenceError: C:\Users\Lenovo\Desktop\P_SAREE SOUL\views\admin\brand-list.ejs:118
    116|                 <!-- Actions -->
    117|                   <div class="btn-group">
 >> 118|                     <% if (variant.isBlocked) { %>
    119|                       <button type="button" class="btn btn-success" onclick="toggleBlock('<%= brand._id %>', false)">
    120|                         <i class="material-icons md-lock_open"></i> Unblock
    121|                       </button>

variant is not defined
    at eval (eval at compile (C:\Users\Lenovo\Desktop\P_SAREE SOUL\node_modules\ejs\lib\ejs.js:673:12), <anonymous>:42:8)
    at Array.forEach (<anonymous>)
    at eval (eval at compile (C:\Users\Lenovo\Desktop\P_SAREE SOUL\node_modules\ejs\lib\ejs.js:673:12), <anonymous>:30:15)
    at brand-list (C:\Users\Lenovo\Desktop\P_SAREE SOUL\node_modules\ejs\lib\ejs.js:703:17)
    at tryHandleCache (C:\Users\Lenovo\Desktop\P_SAREE SOUL\node_modules\ejs\lib\ejs.js:274:36)
    at exports.renderFile [as engine] (C:\Users\Lenovo\Desktop\P_SAREE SOUL\node_modules\ejs\lib\ejs.js:491:10)
    at View.render (C:\Users\Lenovo\Desktop\P_SAREE SOUL\node_modules\express\lib\view.js:139:8)
    at tryRender (C:\Users\Lenovo\Desktop\P_SAREE SOUL\node_modules\express\lib\application.js:627:10)
    at Function.render (C:\Users\Lenovo\Desktop\P_SAREE SOUL\node_modules\express\lib\application.js:574:3)
    at ServerResponse.render (C:\Users\Lenovo\Desktop\P_SAREE SOUL\node_modules\express\lib\response.js:909:7)
2025-09-29 18:37:05 [ERROR]: ReferenceError: C:\Users\Lenovo\Desktop\P_SAREE SOUL\views\admin\brand-list.ejs:118
    116|                 <!-- Actions -->
    117|                   <div class="btn-group">
 >> 118|                     <% if (variant.isBlocked) { %>
    119|                       <button type="button" class="btn btn-success" onclick="toggleBlock('<%= brand._id %>', false)">
    120|                         <i class="material-icons md-lock_open"></i> Unblock
    121|                       </button>

variant is not defined
    at eval (eval at compile (C:\Users\Lenovo\Desktop\P_SAREE SOUL\node_modules\ejs\lib\ejs.js:673:12), <anonymous>:42:8)
    at Array.forEach (<anonymous>)
    at eval (eval at compile (C:\Users\Lenovo\Desktop\P_SAREE SOUL\node_modules\ejs\lib\ejs.js:673:12), <anonymous>:30:15)
    at brand-list (C:\Users\Lenovo\Desktop\P_SAREE SOUL\node_modules\ejs\lib\ejs.js:703:17)
    at tryHandleCache (C:\Users\Lenovo\Desktop\P_SAREE SOUL\node_modules\ejs\lib\ejs.js:274:36)
    at exports.renderFile [as engine] (C:\Users\Lenovo\Desktop\P_SAREE SOUL\node_modules\ejs\lib\ejs.js:491:10)
    at View.render (C:\Users\Lenovo\Desktop\P_SAREE SOUL\node_modules\express\lib\view.js:139:8)
    at tryRender (C:\Users\Lenovo\Desktop\P_SAREE SOUL\node_modules\express\lib\application.js:627:10)
    at Function.render (C:\Users\Lenovo\Desktop\P_SAREE SOUL\node_modules\express\lib\application.js:574:3)
    at ServerResponse.render (C:\Users\Lenovo\Desktop\P_SAREE SOUL\node_modules\express\lib\response.js:909:7)
2025-09-29 19:06:34 [ERROR]: ReferenceError: C:\Users\Lenovo\Desktop\P_SAREE SOUL\views\admin\brand-list.ejs:109
    107|                   <h6 class="mb-1"><%= brand.name %></h6>
    108|                   <small>Status: 
 >> 109|                       <span class="badge <%= variant.isBlocked ? 'badge-danger' : 'badge-success' %>">
    110|                         <%= variant.isBlocked ? 'Blocked' : 'Active' %>
    111|                       </span>
    112|                     </small><br/>

variant is not defined
    at eval (eval at compile (C:\Users\Lenovo\Desktop\P_SAREE SOUL\node_modules\ejs\lib\ejs.js:673:12), <anonymous>:36:26)
    at Array.forEach (<anonymous>)
    at eval (eval at compile (C:\Users\Lenovo\Desktop\P_SAREE SOUL\node_modules\ejs\lib\ejs.js:673:12), <anonymous>:30:15)
    at brand-list (C:\Users\Lenovo\Desktop\P_SAREE SOUL\node_modules\ejs\lib\ejs.js:703:17)
    at tryHandleCache (C:\Users\Lenovo\Desktop\P_SAREE SOUL\node_modules\ejs\lib\ejs.js:274:36)
    at exports.renderFile [as engine] (C:\Users\Lenovo\Desktop\P_SAREE SOUL\node_modules\ejs\lib\ejs.js:491:10)
    at View.render (C:\Users\Lenovo\Desktop\P_SAREE SOUL\node_modules\express\lib\view.js:139:8)
    at tryRender (C:\Users\Lenovo\Desktop\P_SAREE SOUL\node_modules\express\lib\application.js:627:10)
    at Function.render (C:\Users\Lenovo\Desktop\P_SAREE SOUL\node_modules\express\lib\application.js:574:3)
    at ServerResponse.render (C:\Users\Lenovo\Desktop\P_SAREE SOUL\node_modules\express\lib\response.js:909:7)
2025-09-30 15:04:37 [ERROR]: ReferenceError: C:\Users\Lenovo\Desktop\P_SAREE SOUL\views\user\cart.ejs:293
    291| </head>
    292| <body>
 >> 293|   <%- include('partials/header') %>
    294| 
    295|   <div class="container">
    296|     <div class="header">

C:\Users\Lenovo\Desktop\P_SAREE SOUL\views\user\partials\header.ejs:169
    167|     <script>
    168|     (function() {
 >> 169|         const userData = <%- JSON.stringify(user) %>;
    170|         console.log(userData)
    171| 
    172|         function renderAuthLinks() {

user is not defined
    at eval (eval at compile (C:\Users\Lenovo\Desktop\P_SAREE SOUL\node_modules\ejs\lib\ejs.js:673:12), <anonymous>:12:32)
    at header (C:\Users\Lenovo\Desktop\P_SAREE SOUL\node_modules\ejs\lib\ejs.js:703:17)
    at include (C:\Users\Lenovo\Desktop\P_SAREE SOUL\node_modules\ejs\lib\ejs.js:701:39)
    at eval (eval at compile (C:\Users\Lenovo\Desktop\P_SAREE SOUL\node_modules\ejs\lib\ejs.js:673:12), <anonymous>:12:17)
    at cart (C:\Users\Lenovo\Desktop\P_SAREE SOUL\node_modules\ejs\lib\ejs.js:703:17)
    at tryHandleCache (C:\Users\Lenovo\Desktop\P_SAREE SOUL\node_modules\ejs\lib\ejs.js:274:36)
    at exports.renderFile [as engine] (C:\Users\Lenovo\Desktop\P_SAREE SOUL\node_modules\ejs\lib\ejs.js:491:10)
    at View.render (C:\Users\Lenovo\Desktop\P_SAREE SOUL\node_modules\express\lib\view.js:139:8)
    at tryRender (C:\Users\Lenovo\Desktop\P_SAREE SOUL\node_modules\express\lib\application.js:627:10)
    at Function.render (C:\Users\Lenovo\Desktop\P_SAREE SOUL\node_modules\express\lib\application.js:574:3)
2025-09-30 15:15:45 [ERROR]: CastError: Cast to ObjectId failed for value "cart" (type string) at path "_id" for model "Product"
2025-09-30 17:43:06 [ERROR]: ReferenceError: C:\Users\Lenovo\Desktop\P_SAREE SOUL\views\admin\product-list.ejs:103
    101|                     <h6 class="mb-0"><%= product.name %></h6>
    102|                       <small>Status: 
 >> 103|                       <span class="badge <%= variant.isBlocked ? 'badge-danger' : 'badge-success' %>">
    104|                         <%= variant.isBlocked ? 'Blocked' : 'Active' %>
    105|                       </span>
    106|                     </small><br/>

variant is not defined
    at eval (eval at compile (C:\Users\Lenovo\Desktop\P_SAREE SOUL\node_modules\ejs\lib\ejs.js:673:12), <anonymous>:36:26)
    at Array.forEach (<anonymous>)
    at eval (eval at compile (C:\Users\Lenovo\Desktop\P_SAREE SOUL\node_modules\ejs\lib\ejs.js:673:12), <anonymous>:30:17)
    at product-list (C:\Users\Lenovo\Desktop\P_SAREE SOUL\node_modules\ejs\lib\ejs.js:703:17)
    at tryHandleCache (C:\Users\Lenovo\Desktop\P_SAREE SOUL\node_modules\ejs\lib\ejs.js:274:36)
    at exports.renderFile [as engine] (C:\Users\Lenovo\Desktop\P_SAREE SOUL\node_modules\ejs\lib\ejs.js:491:10)
    at View.render (C:\Users\Lenovo\Desktop\P_SAREE SOUL\node_modules\express\lib\view.js:139:8)
    at tryRender (C:\Users\Lenovo\Desktop\P_SAREE SOUL\node_modules\express\lib\application.js:627:10)
    at Function.render (C:\Users\Lenovo\Desktop\P_SAREE SOUL\node_modules\express\lib\application.js:574:3)
    at ServerResponse.render (C:\Users\Lenovo\Desktop\P_SAREE SOUL\node_modules\express\lib\response.js:909:7)
2025-09-30 17:48:09 [ERROR]: ReferenceError: C:\Users\Lenovo\Desktop\P_SAREE SOUL\views\admin\product-list.ejs:120
    118|                     <button class="btn btn-sm btn-success" onclick="toggleBlock('<%= variant._id %>', false)">Unblock</button>
    119|                   <% } else { %>
 >> 120|                     <button class="btn btn-sm btn-danger" onclick="toggleBlock('<%= variant._id %>', true)">Block</button>
    121|                   <% } %>
    122|                     <a href="/admin/products/edit/<%= product._id %>" class="btn btn-sm btn-warning">
    123|                       Edit

variant is not defined
    at eval (eval at compile (C:\Users\Lenovo\Desktop\P_SAREE SOUL\node_modules\ejs\lib\ejs.js:673:12), <anonymous>:57:26)
    at Array.forEach (<anonymous>)
    at eval (eval at compile (C:\Users\Lenovo\Desktop\P_SAREE SOUL\node_modules\ejs\lib\ejs.js:673:12), <anonymous>:30:17)
    at product-list (C:\Users\Lenovo\Desktop\P_SAREE SOUL\node_modules\ejs\lib\ejs.js:703:17)
    at tryHandleCache (C:\Users\Lenovo\Desktop\P_SAREE SOUL\node_modules\ejs\lib\ejs.js:274:36)
    at exports.renderFile [as engine] (C:\Users\Lenovo\Desktop\P_SAREE SOUL\node_modules\ejs\lib\ejs.js:491:10)
    at View.render (C:\Users\Lenovo\Desktop\P_SAREE SOUL\node_modules\express\lib\view.js:139:8)
    at tryRender (C:\Users\Lenovo\Desktop\P_SAREE SOUL\node_modules\express\lib\application.js:627:10)
    at Function.render (C:\Users\Lenovo\Desktop\P_SAREE SOUL\node_modules\express\lib\application.js:574:3)
    at ServerResponse.render (C:\Users\Lenovo\Desktop\P_SAREE SOUL\node_modules\express\lib\response.js:909:7)
2025-09-30 18:12:08 [ERROR]: ReferenceError: Cannot access 'product' before initialization
2025-09-30 18:15:17 [ERROR]: ReferenceError: Cannot access 'product' before initialization
2025-09-30 18:16:34 [ERROR]: ReferenceError: Cannot access 'product' before initialization
2025-09-30 18:17:30 [ERROR]: ReferenceError: Cannot access 'product' before initialization
2025-09-30 18:19:03 [ERROR]: ReferenceError: Cannot access 'product' before initialization
2025-09-30 19:34:32 [ERROR]: Delete Variant Error: CastError: Cast to ObjectId failed for value "null" (type string) at path "_id" for model "Variant"
2025-09-30 19:53:30 [ERROR]: Error: Could not find matching close tag for "<%=".
    at C:\Users\Lenovo\Desktop\P_SAREE SOUL\node_modules\ejs\lib\ejs.js:752:19
    at Array.forEach (<anonymous>)
    at Template.generateSource (C:\Users\Lenovo\Desktop\P_SAREE SOUL\node_modules\ejs\lib\ejs.js:742:15)
    at Template.compile (C:\Users\Lenovo\Desktop\P_SAREE SOUL\node_modules\ejs\lib\ejs.js:587:12)
    at Object.compile (C:\Users\Lenovo\Desktop\P_SAREE SOUL\node_modules\ejs\lib\ejs.js:398:16)
    at handleCache (C:\Users\Lenovo\Desktop\P_SAREE SOUL\node_modules\ejs\lib\ejs.js:235:18)
    at tryHandleCache (C:\Users\Lenovo\Desktop\P_SAREE SOUL\node_modules\ejs\lib\ejs.js:274:16)
    at exports.renderFile [as engine] (C:\Users\Lenovo\Desktop\P_SAREE SOUL\node_modules\ejs\lib\ejs.js:491:10)
    at View.render (C:\Users\Lenovo\Desktop\P_SAREE SOUL\node_modules\express\lib\view.js:139:8)
    at tryRender (C:\Users\Lenovo\Desktop\P_SAREE SOUL\node_modules\express\lib\application.js:627:10)
2025-09-30 19:54:56 [ERROR]: Delete Variant Error: CastError: Cast to ObjectId failed for value ":productId" (type string) at path "_id" for model "Product"
2025-09-30 19:59:26 [ERROR]: Delete Variant Error: CastError: Cast to ObjectId failed for value ":productId" (type string) at path "_id" for model "Product"
2025-09-30 20:00:21 [ERROR]: Delete Variant Error: CastError: Cast to ObjectId failed for value ":productId" (type string) at path "_id" for model "Product"
2025-10-01 13:26:20 [ERROR]: ReferenceError: C:\Users\Lenovo\Desktop\P_SAREE SOUL\views\user\cart.ejs:3
    1| <%- include('partials/head') %>
    2| <body>
 >> 3|   <%- include('partials/header') %>
    4| 
    5|   <div class="container my-5">
    6|     <h2 class="mb-4">Shopping Cart</h2>

C:\Users\Lenovo\Desktop\P_SAREE SOUL\views\user\partials\header.ejs:169
    167|     <script>
    168|     (function() {
 >> 169|         const userData = <%- JSON.stringify(user) %>;
    170|         console.log(userData)
    171| 
    172|         function renderAuthLinks() {

user is not defined
    at eval (eval at compile (C:\Users\Lenovo\Desktop\P_SAREE SOUL\node_modules\ejs\lib\ejs.js:673:12), <anonymous>:12:32)
    at header (C:\Users\Lenovo\Desktop\P_SAREE SOUL\node_modules\ejs\lib\ejs.js:703:17)
    at include (C:\Users\Lenovo\Desktop\P_SAREE SOUL\node_modules\ejs\lib\ejs.js:701:39)
    at eval (eval at compile (C:\Users\Lenovo\Desktop\P_SAREE SOUL\node_modules\ejs\lib\ejs.js:673:12), <anonymous>:13:17)
    at cart (C:\Users\Lenovo\Desktop\P_SAREE SOUL\node_modules\ejs\lib\ejs.js:703:17)
    at tryHandleCache (C:\Users\Lenovo\Desktop\P_SAREE SOUL\node_modules\ejs\lib\ejs.js:274:36)
    at exports.renderFile [as engine] (C:\Users\Lenovo\Desktop\P_SAREE SOUL\node_modules\ejs\lib\ejs.js:491:10)
    at View.render (C:\Users\Lenovo\Desktop\P_SAREE SOUL\node_modules\express\lib\view.js:139:8)
    at tryRender (C:\Users\Lenovo\Desktop\P_SAREE SOUL\node_modules\express\lib\application.js:627:10)
    at Function.render (C:\Users\Lenovo\Desktop\P_SAREE SOUL\node_modules\express\lib\application.js:574:3)
2025-10-01 13:36:42 [ERROR]: CastError: Cast to ObjectId failed for value "cart" (type string) at path "_id" for model "Product"
2025-10-01 13:47:20 [ERROR]: CastError: Cast to ObjectId failed for value "cart" (type string) at path "_id" for model "Product"
2025-10-01 13:47:23 [ERROR]: CastError: Cast to ObjectId failed for value "cart" (type string) at path "_id" for model "Product"
2025-10-01 13:48:57 [ERROR]: CastError: Cast to ObjectId failed for value "cart" (type string) at path "_id" for model "Product"
2025-10-01 13:56:43 [ERROR]: CastError: Cast to ObjectId failed for value "cart" (type string) at path "_id" for model "Product"
2025-10-01 13:56:50 [ERROR]: CastError: Cast to ObjectId failed for value "cart" (type string) at path "_id" for model "Product"
2025-10-01 15:33:19 [ERROR]: CastError: Cast to ObjectId failed for value "cart" (type string) at path "_id" for model "Product"
2025-10-01 15:36:56 [ERROR]: CastError: Cast to ObjectId failed for value "cart" (type string) at path "_id" for model "Product"
2025-10-01 15:48:31 [ERROR]: CastError: Cast to ObjectId failed for value "cart" (type string) at path "_id" for model "Product"
2025-10-01 15:48:57 [ERROR]: CastError: Cast to ObjectId failed for value "cart" (type string) at path "_id" for model "Product"
2025-10-01 15:54:03 [ERROR]: CastError: Cast to ObjectId failed for value "cart" (type string) at path "_id" for model "Product"
2025-10-01 16:00:37 [ERROR]: CastError: Cast to ObjectId failed for value "cart" (type string) at path "_id" for model "Product"
2025-10-01 16:00:38 [ERROR]: CastError: Cast to ObjectId failed for value "cart" (type string) at path "_id" for model "Product"
2025-10-01 16:00:38 [ERROR]: CastError: Cast to ObjectId failed for value "cart" (type string) at path "_id" for model "Product"
2025-10-01 16:00:39 [ERROR]: CastError: Cast to ObjectId failed for value "cart" (type string) at path "_id" for model "Product"
2025-10-01 16:00:39 [ERROR]: CastError: Cast to ObjectId failed for value "cart" (type string) at path "_id" for model "Product"
2025-10-01 16:00:39 [ERROR]: CastError: Cast to ObjectId failed for value "cart" (type string) at path "_id" for model "Product"
2025-10-01 16:02:57 [ERROR]: CastError: Cast to ObjectId failed for value "cart" (type string) at path "_id" for model "Product"
2025-10-01 16:50:18 [ERROR]: CastError: Cast to ObjectId failed for value "cart" (type string) at path "_id" for model "Product"
2025-10-01 16:59:14 [ERROR]: CastError: Cast to ObjectId failed for value "cart" (type string) at path "_id" for model "Product"
2025-10-01 16:59:30 [ERROR]: CastError: Cast to ObjectId failed for value "cart" (type string) at path "_id" for model "Product"
2025-10-01 17:00:38 [ERROR]: CastError: Cast to ObjectId failed for value "cart" (type string) at path "_id" for model "Product"
2025-10-01 17:09:57 [ERROR]: CastError: Cast to ObjectId failed for value "cart" (type string) at path "_id" for model "Product"
2025-10-01 17:10:35 [ERROR]: CastError: Cast to ObjectId failed for value "cart" (type string) at path "_id" for model "Product"
2025-10-01 19:58:25 [ERROR]: ReferenceError: C:\Users\Lenovo\Desktop\P_SAREE SOUL\views\user\checkout.ejs:3
    1| <%- include('partials/head') %>
    2| <body>
 >> 3|   <%- include('partials/header') %>
    4| 
    5|   <div class="container my-5">
    6|     <h2 class="mb-4">Checkout</h2>

C:\Users\Lenovo\Desktop\P_SAREE SOUL\views\user\partials\header.ejs:169
    167|     <script>
    168|     (function() {
 >> 169|         const userData = <%- JSON.stringify(user) %>;
    170|         console.log(userData)
    171| 
    172|         function renderAuthLinks() {

user is not defined
    at eval (eval at compile (C:\Users\Lenovo\Desktop\P_SAREE SOUL\node_modules\ejs\lib\ejs.js:673:12), <anonymous>:12:32)
    at header (C:\Users\Lenovo\Desktop\P_SAREE SOUL\node_modules\ejs\lib\ejs.js:703:17)
    at include (C:\Users\Lenovo\Desktop\P_SAREE SOUL\node_modules\ejs\lib\ejs.js:701:39)
    at eval (eval at compile (C:\Users\Lenovo\Desktop\P_SAREE SOUL\node_modules\ejs\lib\ejs.js:673:12), <anonymous>:13:17)
    at checkout (C:\Users\Lenovo\Desktop\P_SAREE SOUL\node_modules\ejs\lib\ejs.js:703:17)
    at tryHandleCache (C:\Users\Lenovo\Desktop\P_SAREE SOUL\node_modules\ejs\lib\ejs.js:274:36)
    at exports.renderFile [as engine] (C:\Users\Lenovo\Desktop\P_SAREE SOUL\node_modules\ejs\lib\ejs.js:491:10)
    at View.render (C:\Users\Lenovo\Desktop\P_SAREE SOUL\node_modules\express\lib\view.js:139:8)
    at tryRender (C:\Users\Lenovo\Desktop\P_SAREE SOUL\node_modules\express\lib\application.js:627:10)
    at Function.render (C:\Users\Lenovo\Desktop\P_SAREE SOUL\node_modules\express\lib\application.js:574:3)
2025-10-02 14:12:16 [ERROR]: ReferenceError: C:\Users\Lenovo\Desktop\P_SAREE SOUL\views\user\cart.ejs:7
    5|   <div class="container my-5">
    6|     <h2 class="mb-4">Shopping Cart</h2>
 >> 7|       <% if (error && error.length > 0) { %>
    8|   <div class="alert alert-danger"><%= error %></div>
    9| <% } %>
    10|     <% if (items.length === 0) { %>

error is not defined
    at eval (eval at compile (C:\Users\Lenovo\Desktop\P_SAREE SOUL\node_modules\ejs\lib\ejs.js:673:12), <anonymous>:16:8)
    at cart (C:\Users\Lenovo\Desktop\P_SAREE SOUL\node_modules\ejs\lib\ejs.js:703:17)
    at tryHandleCache (C:\Users\Lenovo\Desktop\P_SAREE SOUL\node_modules\ejs\lib\ejs.js:274:36)
    at exports.renderFile [as engine] (C:\Users\Lenovo\Desktop\P_SAREE SOUL\node_modules\ejs\lib\ejs.js:491:10)
    at View.render (C:\Users\Lenovo\Desktop\P_SAREE SOUL\node_modules\express\lib\view.js:139:8)
    at tryRender (C:\Users\Lenovo\Desktop\P_SAREE SOUL\node_modules\express\lib\application.js:627:10)
    at Function.render (C:\Users\Lenovo\Desktop\P_SAREE SOUL\node_modules\express\lib\application.js:574:3)
    at ServerResponse.render (C:\Users\Lenovo\Desktop\P_SAREE SOUL\node_modules\express\lib\response.js:909:7)
    at loadCart (C:\Users\Lenovo\Desktop\P_SAREE SOUL\controllers\user\cartController.js:33:9)
    at process.processTicksAndRejections (node:internal/process/task_queues:105:5)
2025-10-02 14:16:21 [ERROR]: checkout load error: TypeError: req.flash is not a function
2025-10-02 14:16:21 [ERROR]: TypeError: req.flash is not a function
    at loadCheckout (C:\Users\Lenovo\Desktop\P_SAREE SOUL\controllers\user\checkoutController.js:49:13)
    at process.processTicksAndRejections (node:internal/process/task_queues:105:5)
2025-10-02 14:36:27 [ERROR]: (node:41708) Warning: Accessing non-existent property 'flashMessageMiddleware' of module exports inside circular dependency
(Use `node --trace-warnings ...` to show where the warning was created)
2025-10-02 14:38:33 [ERROR]: TypeError: req.flash is not a function
    at flashMessageMiddleware (C:\Users\Lenovo\Desktop\P_SAREE SOUL\middlewares\userAuth.js:42:32)
    at Layer.handleRequest (C:\Users\Lenovo\Desktop\P_SAREE SOUL\node_modules\router\lib\layer.js:152:17)
    at trimPrefix (C:\Users\Lenovo\Desktop\P_SAREE SOUL\node_modules\router\index.js:342:13)
    at C:\Users\Lenovo\Desktop\P_SAREE SOUL\node_modules\router\index.js:297:9
    at processParams (C:\Users\Lenovo\Desktop\P_SAREE SOUL\node_modules\router\index.js:582:12)
    at next (C:\Users\Lenovo\Desktop\P_SAREE SOUL\node_modules\router\index.js:291:5)
    at strategy.pass (C:\Users\Lenovo\Desktop\P_SAREE SOUL\node_modules\passport\lib\middleware\authenticate.js:355:9)
    at SessionStrategy.authenticate (C:\Users\Lenovo\Desktop\P_SAREE SOUL\node_modules\passport\lib\strategies\session.js:126:10)
    at attempt (C:\Users\Lenovo\Desktop\P_SAREE SOUL\node_modules\passport\lib\middleware\authenticate.js:378:16)
    at authenticate (C:\Users\Lenovo\Desktop\P_SAREE SOUL\node_modules\passport\lib\middleware\authenticate.js:379:7)
2025-10-02 14:38:35 [ERROR]: TypeError: req.flash is not a function
    at flashMessageMiddleware (C:\Users\Lenovo\Desktop\P_SAREE SOUL\middlewares\userAuth.js:42:32)
    at Layer.handleRequest (C:\Users\Lenovo\Desktop\P_SAREE SOUL\node_modules\router\lib\layer.js:152:17)
    at trimPrefix (C:\Users\Lenovo\Desktop\P_SAREE SOUL\node_modules\router\index.js:342:13)
    at C:\Users\Lenovo\Desktop\P_SAREE SOUL\node_modules\router\index.js:297:9
    at processParams (C:\Users\Lenovo\Desktop\P_SAREE SOUL\node_modules\router\index.js:582:12)
    at next (C:\Users\Lenovo\Desktop\P_SAREE SOUL\node_modules\router\index.js:291:5)
    at strategy.pass (C:\Users\Lenovo\Desktop\P_SAREE SOUL\node_modules\passport\lib\middleware\authenticate.js:355:9)
    at SessionStrategy.authenticate (C:\Users\Lenovo\Desktop\P_SAREE SOUL\node_modules\passport\lib\strategies\session.js:126:10)
    at attempt (C:\Users\Lenovo\Desktop\P_SAREE SOUL\node_modules\passport\lib\middleware\authenticate.js:378:16)
    at authenticate (C:\Users\Lenovo\Desktop\P_SAREE SOUL\node_modules\passport\lib\middleware\authenticate.js:379:7)
2025-10-02 14:41:02 [ERROR]: order placement error: ReferenceError: Variant is not defined
2025-10-02 14:41:02 [ERROR]: (node:18052) [DEP0044] DeprecationWarning: The `util.isArray` API is deprecated. Please use `Array.isArray()` instead.
(Use `node --trace-deprecation ...` to show where the warning was created)
2025-10-02 14:41:19 [ERROR]: order placement error: ReferenceError: Variant is not defined
2025-10-02 14:41:50 [ERROR]: order placement error: ReferenceError: Variant is not defined
2025-10-02 14:42:02 [ERROR]: order placement error: ReferenceError: Variant is not defined
2025-10-02 14:49:31 [ERROR]: ReferenceError: Variant is not defined
2025-10-02 14:49:31 [ERROR]: (node:2744) [DEP0044] DeprecationWarning: The `util.isArray` API is deprecated. Please use `Array.isArray()` instead.
(Use `node --trace-deprecation ...` to show where the warning was created)
2025-10-02 14:49:36 [ERROR]: ReferenceError: Variant is not defined
2025-10-02 14:52:19 [ERROR]: ReferenceError: Variant is not defined
2025-10-02 14:52:26 [ERROR]: ReferenceError: Variant is not defined
2025-10-02 14:52:41 [ERROR]: ReferenceError: Variant is not defined
2025-10-02 14:53:06 [ERROR]: ReferenceError: Variant is not defined
2025-10-02 14:57:22 [ERROR]: ReferenceError: Variant is not defined
2025-10-02 15:11:09 [ERROR]: ReferenceError: Variant is not defined
2025-10-02 15:11:09 [ERROR]: (node:10540) [DEP0044] DeprecationWarning: The `util.isArray` API is deprecated. Please use `Array.isArray()` instead.
(Use `node --trace-deprecation ...` to show where the warning was created)
2025-10-02 15:11:16 [ERROR]: ReferenceError: Variant is not defined
2025-10-02 15:12:28 [ERROR]: ReferenceError: Variant is not defined
2025-10-02 15:25:29 [ERROR]: ReferenceError: Variant is not defined
2025-10-03 12:59:11 [ERROR]: ValidationError: orderId: Path `orderId` is required.
2025-10-03 12:59:11 [ERROR]: (node:36644) [DEP0044] DeprecationWarning: The `util.isArray` API is deprecated. Please use `Array.isArray()` instead.
(Use `node --trace-deprecation ...` to show where the warning was created)
2025-10-03 12:59:25 [ERROR]: ValidationError: orderId: Path `orderId` is required.
2025-10-03 13:02:03 [ERROR]: ValidationError: orderId: Path `orderId` is required.
2025-10-03 13:02:03 [ERROR]: (node:23808) [DEP0044] DeprecationWarning: The `util.isArray` API is deprecated. Please use `Array.isArray()` instead.
(Use `node --trace-deprecation ...` to show where the warning was created)
2025-10-03 13:04:57 [ERROR]: ValidationError: orderId: Path `orderId` is required.
2025-10-03 13:04:57 [ERROR]: (node:25832) [DEP0044] DeprecationWarning: The `util.isArray` API is deprecated. Please use `Array.isArray()` instead.
(Use `node --trace-deprecation ...` to show where the warning was created)
2025-10-03 14:25:34 [ERROR]: ValidationError: orderId: Path `orderId` is required.
2025-10-03 14:25:34 [ERROR]: (node:9492) [DEP0044] DeprecationWarning: The `util.isArray` API is deprecated. Please use `Array.isArray()` instead.
(Use `node --trace-deprecation ...` to show where the warning was created)
2025-10-03 16:34:57 [ERROR]: ReferenceError: Counter is not defined
2025-10-03 16:34:57 [ERROR]: (node:17504) [DEP0044] DeprecationWarning: The `util.isArray` API is deprecated. Please use `Array.isArray()` instead.
(Use `node --trace-deprecation ...` to show where the warning was created)
2025-10-03 16:35:03 [ERROR]: ReferenceError: Counter is not defined
2025-10-03 16:40:28 [ERROR]: ReferenceError: C:\Users\Lenovo\Desktop\P_SAREE SOUL\views\user\order-success.ejs:27
    25|             
    26|             <div class="alert alert-info d-inline-block">
 >> 27|               <strong>Order ID:</strong> <%= orderId %>
    28|             </div>
    29| 
    30|             <div class="mt-4">

orderId is not defined
    at eval (eval at compile (C:\Users\Lenovo\Desktop\P_SAREE SOUL\node_modules\ejs\lib\ejs.js:673:12), <anonymous>:16:26)
    at order-success (C:\Users\Lenovo\Desktop\P_SAREE SOUL\node_modules\ejs\lib\ejs.js:703:17)
    at tryHandleCache (C:\Users\Lenovo\Desktop\P_SAREE SOUL\node_modules\ejs\lib\ejs.js:274:36)
    at exports.renderFile [as engine] (C:\Users\Lenovo\Desktop\P_SAREE SOUL\node_modules\ejs\lib\ejs.js:491:10)
    at View.render (C:\Users\Lenovo\Desktop\P_SAREE SOUL\node_modules\express\lib\view.js:139:8)
    at tryRender (C:\Users\Lenovo\Desktop\P_SAREE SOUL\node_modules\express\lib\application.js:627:10)
    at Function.render (C:\Users\Lenovo\Desktop\P_SAREE SOUL\node_modules\express\lib\application.js:574:3)
    at ServerResponse.render (C:\Users\Lenovo\Desktop\P_SAREE SOUL\node_modules\express\lib\response.js:909:7)
    at loadOrderSuccess (C:\Users\Lenovo\Desktop\P_SAREE SOUL\controllers\user\checkoutController.js:127:9)
    at process.processTicksAndRejections (node:internal/process/task_queues:105:5)
2025-10-03 20:09:32 [ERROR]: Error: Failed to lookup view "my-orders" in views directories "C:\Users\Lenovo\Desktop\P_SAREE SOUL\views\user" or "C:\Users\Lenovo\Desktop\P_SAREE SOUL\views\admin"
    at Function.render (C:\Users\Lenovo\Desktop\P_SAREE SOUL\node_modules\express\lib\application.js:562:17)
    at ServerResponse.render (C:\Users\Lenovo\Desktop\P_SAREE SOUL\node_modules\express\lib\response.js:909:7)
    at getUserOrders (C:\Users\Lenovo\Desktop\P_SAREE SOUL\controllers\user\orderController.js:11:9)
    at process.processTicksAndRejections (node:internal/process/task_queues:105:5)
2025-10-03 20:22:07 [ERROR]: Error: Failed to lookup view "my-orders" in views directories "C:\Users\Lenovo\Desktop\P_SAREE SOUL\views\user" or "C:\Users\Lenovo\Desktop\P_SAREE SOUL\views\admin"
    at Function.render (C:\Users\Lenovo\Desktop\P_SAREE SOUL\node_modules\express\lib\application.js:562:17)
    at ServerResponse.render (C:\Users\Lenovo\Desktop\P_SAREE SOUL\node_modules\express\lib\response.js:909:7)
    at getUserOrders (C:\Users\Lenovo\Desktop\P_SAREE SOUL\controllers\user\orderController.js:11:9)
    at process.processTicksAndRejections (node:internal/process/task_queues:105:5)
2025-10-03 20:39:33 [ERROR]: Error: Failed to lookup view "my-orders" in views directories "C:\Users\Lenovo\Desktop\P_SAREE SOUL\views\user" or "C:\Users\Lenovo\Desktop\P_SAREE SOUL\views\admin"
    at Function.render (C:\Users\Lenovo\Desktop\P_SAREE SOUL\node_modules\express\lib\application.js:562:17)
    at ServerResponse.render (C:\Users\Lenovo\Desktop\P_SAREE SOUL\node_modules\express\lib\response.js:909:7)
    at getUserOrders (C:\Users\Lenovo\Desktop\P_SAREE SOUL\controllers\user\orderController.js:11:9)
    at process.processTicksAndRejections (node:internal/process/task_queues:105:5)
2025-10-03 20:39:34 [ERROR]: Error: Failed to lookup view "my-orders" in views directories "C:\Users\Lenovo\Desktop\P_SAREE SOUL\views\user" or "C:\Users\Lenovo\Desktop\P_SAREE SOUL\views\admin"
    at Function.render (C:\Users\Lenovo\Desktop\P_SAREE SOUL\node_modules\express\lib\application.js:562:17)
    at ServerResponse.render (C:\Users\Lenovo\Desktop\P_SAREE SOUL\node_modules\express\lib\response.js:909:7)
    at getUserOrders (C:\Users\Lenovo\Desktop\P_SAREE SOUL\controllers\user\orderController.js:11:9)
    at process.processTicksAndRejections (node:internal/process/task_queues:105:5)
2025-10-03 20:39:34 [ERROR]: Error: Failed to lookup view "my-orders" in views directories "C:\Users\Lenovo\Desktop\P_SAREE SOUL\views\user" or "C:\Users\Lenovo\Desktop\P_SAREE SOUL\views\admin"
    at Function.render (C:\Users\Lenovo\Desktop\P_SAREE SOUL\node_modules\express\lib\application.js:562:17)
    at ServerResponse.render (C:\Users\Lenovo\Desktop\P_SAREE SOUL\node_modules\express\lib\response.js:909:7)
    at getUserOrders (C:\Users\Lenovo\Desktop\P_SAREE SOUL\controllers\user\orderController.js:11:9)
    at process.processTicksAndRejections (node:internal/process/task_queues:105:5)
2025-10-03 20:39:35 [ERROR]: Error: Failed to lookup view "my-orders" in views directories "C:\Users\Lenovo\Desktop\P_SAREE SOUL\views\user" or "C:\Users\Lenovo\Desktop\P_SAREE SOUL\views\admin"
    at Function.render (C:\Users\Lenovo\Desktop\P_SAREE SOUL\node_modules\express\lib\application.js:562:17)
    at ServerResponse.render (C:\Users\Lenovo\Desktop\P_SAREE SOUL\node_modules\express\lib\response.js:909:7)
    at getUserOrders (C:\Users\Lenovo\Desktop\P_SAREE SOUL\controllers\user\orderController.js:11:9)
    at process.processTicksAndRejections (node:internal/process/task_queues:105:5)
2025-10-04 11:18:55 [ERROR]: Error: Failed to lookup view "order-detail" in views directories "C:\Users\Lenovo\Desktop\P_SAREE SOUL\views\user" or "C:\Users\Lenovo\Desktop\P_SAREE SOUL\views\admin"
    at Function.render (C:\Users\Lenovo\Desktop\P_SAREE SOUL\node_modules\express\lib\application.js:562:17)
    at ServerResponse.render (C:\Users\Lenovo\Desktop\P_SAREE SOUL\node_modules\express\lib\response.js:909:7)
    at getOrderDetail (C:\Users\Lenovo\Desktop\P_SAREE SOUL\controllers\user\orderController.js:71:13)
    at process.processTicksAndRejections (node:internal/process/task_queues:105:5)
2025-10-04 12:43:08 [ERROR]: TypeError: C:\Users\Lenovo\Desktop\P_SAREE SOUL\views\user\order-detail.ejs:75
    73|                         <div class="row">
    74|                             <div class="col-md-6">
 >> 75|                                 <p class="mb-1"><strong><%= order.shippingAddress.name || '' %></strong></p>
    76|                                 <p class="mb-1"><%= order.shippingAddress.address || '' %></p>
    77|                                 <p class="mb-1"><%= order.shippingAddress.city || '' %>, <%= order.shippingAddress.state || '' %> <%= order.shippingAddress.pincode || '' %></p>
    78|                                 <p class="mb-0"><i class="fas fa-phone me-2"></i><%= order.shippingAddress.phone || '' %></p>

Cannot read properties of undefined (reading 'name')
    at eval (eval at compile (C:\Users\Lenovo\Desktop\P_SAREE SOUL\node_modules\ejs\lib\ejs.js:673:12), <anonymous>:33:48)
    at order-detail (C:\Users\Lenovo\Desktop\P_SAREE SOUL\node_modules\ejs\lib\ejs.js:703:17)
    at tryHandleCache (C:\Users\Lenovo\Desktop\P_SAREE SOUL\node_modules\ejs\lib\ejs.js:274:36)
    at exports.renderFile [as engine] (C:\Users\Lenovo\Desktop\P_SAREE SOUL\node_modules\ejs\lib\ejs.js:491:10)
    at View.render (C:\Users\Lenovo\Desktop\P_SAREE SOUL\node_modules\express\lib\view.js:139:8)
    at tryRender (C:\Users\Lenovo\Desktop\P_SAREE SOUL\node_modules\express\lib\application.js:627:10)
    at Function.render (C:\Users\Lenovo\Desktop\P_SAREE SOUL\node_modules\express\lib\application.js:574:3)
    at ServerResponse.render (C:\Users\Lenovo\Desktop\P_SAREE SOUL\node_modules\express\lib\response.js:909:7)
    at getOrderDetail (C:\Users\Lenovo\Desktop\P_SAREE SOUL\controllers\user\orderController.js:73:13)
    at process.processTicksAndRejections (node:internal/process/task_queues:105:5)
2025-10-04 15:09:02 [ERROR]: Error cancelling order: TypeError: Variant.save is not a function
2025-10-04 15:12:55 [ERROR]: Error cancelling order: TypeError: Variant.save is not a function
2025-10-04 15:14:38 [ERROR]: Error cancelling order: TypeError: Variant.save is not a function
2025-10-04 15:14:59 [ERROR]: Error cancelling order: TypeError: Variant.save is not a function
2025-10-04 15:17:26 [ERROR]: Error cancelling order: TypeError: Variant.save is not a function
2025-10-05 11:52:08 [ERROR]: Error generating invoice: StrictPopulateError: Cannot populate path `item.variantId` because it is not in your schema. Set the `strictPopulate` option to false to override.
2025-10-05 11:54:27 [ERROR]: Error generating invoice: ReferenceError: PDFDocument is not defined
2025-10-05 11:55:12 [ERROR]: Error generating invoice: ReferenceError: PDFDocument is not defined
2025-10-05 11:55:13 [ERROR]: Error generating invoice: ReferenceError: PDFDocument is not defined
2025-10-05 11:55:14 [ERROR]: Error generating invoice: ReferenceError: PDFDocument is not defined
2025-10-05 11:55:14 [ERROR]: Error generating invoice: ReferenceError: PDFDocument is not defined
2025-10-05 11:55:14 [ERROR]: Error generating invoice: ReferenceError: PDFDocument is not defined
2025-10-05 11:56:06 [ERROR]: Error generating invoice: ReferenceError: PDFDocument is not defined
2025-10-05 16:05:13 [ERROR]: (node:2852) Warning: Accessing non-existent property 'getAllOrders' of module exports inside circular dependency
(Use `node --trace-warnings ...` to show where the warning was created)
2025-10-05 16:05:13 [ERROR]: (node:29132) Warning: Accessing non-existent property 'getAllOrders' of module exports inside circular dependency
(Use `node --trace-warnings ...` to show where the warning was created)
2025-10-05 16:05:51 [ERROR]: Error: Failed to lookup view "admin/orders" in views directories "C:\Users\Lenovo\Desktop\P_SAREE SOUL\views\user" or "C:\Users\Lenovo\Desktop\P_SAREE SOUL\views\admin"
    at Function.render (C:\Users\Lenovo\Desktop\P_SAREE SOUL\node_modules\express\lib\application.js:562:17)
    at ServerResponse.render (C:\Users\Lenovo\Desktop\P_SAREE SOUL\node_modules\express\lib\response.js:909:7)
    at getAllOrders (C:\Users\Lenovo\Desktop\P_SAREE SOUL\controllers\admin\orderController.js:35:13)
    at process.processTicksAndRejections (node:internal/process/task_queues:105:5)
2025-10-05 21:25:30 [ERROR]: MongoServerError: E11000 duplicate key error collection: sareeSoul.users index: email_1 dup key: { email: "akhilapc0@gmail.com" }
    at InsertOneOperation.execute (C:\Users\Lenovo\Desktop\P_SAREE SOUL\node_modules\mongodb\lib\operations\insert.js:51:19)
    at process.processTicksAndRejections (node:internal/process/task_queues:105:5)
    at async tryOperation (C:\Users\Lenovo\Desktop\P_SAREE SOUL\node_modules\mongodb\lib\operations\execute_operation.js:207:20)
    at async executeOperation (C:\Users\Lenovo\Desktop\P_SAREE SOUL\node_modules\mongodb\lib\operations\execute_operation.js:75:16)
    at async Collection.insertOne (C:\Users\Lenovo\Desktop\P_SAREE SOUL\node_modules\mongodb\lib\collection.js:157:16)
2025-10-05 21:38:36 [ERROR]: Error returning order: ReferenceError: OrderId is not defined
2025-10-05 21:38:48 [ERROR]: Error returning order: ReferenceError: OrderId is not defined
2025-10-05 21:38:55 [ERROR]: Error returning order: ReferenceError: OrderId is not defined
2025-10-05 21:44:25 [ERROR]: MongoServerError: E11000 duplicate key error collection: sareeSoul.users index: email_1 dup key: { email: "akhilapc0@gmail.com" }
    at InsertOneOperation.execute (C:\Users\Lenovo\Desktop\P_SAREE SOUL\node_modules\mongodb\lib\operations\insert.js:51:19)
    at process.processTicksAndRejections (node:internal/process/task_queues:105:5)
    at async tryOperation (C:\Users\Lenovo\Desktop\P_SAREE SOUL\node_modules\mongodb\lib\operations\execute_operation.js:207:20)
    at async executeOperation (C:\Users\Lenovo\Desktop\P_SAREE SOUL\node_modules\mongodb\lib\operations\execute_operation.js:75:16)
    at async Collection.insertOne (C:\Users\Lenovo\Desktop\P_SAREE SOUL\node_modules\mongodb\lib\collection.js:157:16)
2025-10-06 15:51:45 [ERROR]: Error updating item status: ValidationError: status: `Partially Shipped` is not a valid enum value for path `status`.
2025-10-06 15:52:14 [ERROR]: Error updating item status: ValidationError: status: `Partially Shipped` is not a valid enum value for path `status`.
2025-10-06 20:30:09 [ERROR]: StrictPopulateError: Cannot populate path `variants` because it is not in your schema. Set the `strictPopulate` option to false to override.
2025-10-06 20:30:19 [ERROR]: StrictPopulateError: Cannot populate path `variants` because it is not in your schema. Set the `strictPopulate` option to false to override.
2025-10-06 20:35:49 [ERROR]: ReferenceError: C:\Users\Lenovo\Desktop\P_SAREE SOUL\views\user\productDetail.ejs:681
    679|     value="1" 
    680|     min="1" 
 >> 681|     max="<%= maxQuantity %>"
    682|     style="width: 60px; margin-left: 10px;"
    683|   >
    684| </div>

maxQuantity is not defined
    at eval (eval at compile (C:\Users\Lenovo\Desktop\P_SAREE SOUL\node_modules\ejs\lib\ejs.js:673:12), <anonymous>:189:26)
    at productDetail (C:\Users\Lenovo\Desktop\P_SAREE SOUL\node_modules\ejs\lib\ejs.js:703:17)
    at tryHandleCache (C:\Users\Lenovo\Desktop\P_SAREE SOUL\node_modules\ejs\lib\ejs.js:274:36)
    at exports.renderFile [as engine] (C:\Users\Lenovo\Desktop\P_SAREE SOUL\node_modules\ejs\lib\ejs.js:491:10)
    at View.render (C:\Users\Lenovo\Desktop\P_SAREE SOUL\node_modules\express\lib\view.js:139:8)
    at tryRender (C:\Users\Lenovo\Desktop\P_SAREE SOUL\node_modules\express\lib\application.js:627:10)
    at Function.render (C:\Users\Lenovo\Desktop\P_SAREE SOUL\node_modules\express\lib\application.js:574:3)
    at ServerResponse.render (C:\Users\Lenovo\Desktop\P_SAREE SOUL\node_modules\express\lib\response.js:909:7)
    at getProductDetail (C:\Users\Lenovo\Desktop\P_SAREE SOUL\controllers\user\userController.js:148:9)
    at process.processTicksAndRejections (node:internal/process/task_queues:105:5)
2025-10-06 21:25:00 [ERROR]: ReferenceError: C:\Users\Lenovo\Desktop\P_SAREE SOUL\views\user\productDetail.ejs:622
    620|           </div>
    621| 
 >> 622|    <% if (cartQuantity >= 5) { %>
    623|   <button class="btn btn-secondary" disabled>
    624|     Max 5 items allowed
    625|   </button>

cartQuantity is not defined
    at eval (eval at compile (C:\Users\Lenovo\Desktop\P_SAREE SOUL\node_modules\ejs\lib\ejs.js:673:12), <anonymous>:177:8)
    at productDetail (C:\Users\Lenovo\Desktop\P_SAREE SOUL\node_modules\ejs\lib\ejs.js:703:17)
    at tryHandleCache (C:\Users\Lenovo\Desktop\P_SAREE SOUL\node_modules\ejs\lib\ejs.js:274:36)
    at exports.renderFile [as engine] (C:\Users\Lenovo\Desktop\P_SAREE SOUL\node_modules\ejs\lib\ejs.js:491:10)
    at View.render (C:\Users\Lenovo\Desktop\P_SAREE SOUL\node_modules\express\lib\view.js:139:8)
    at tryRender (C:\Users\Lenovo\Desktop\P_SAREE SOUL\node_modules\express\lib\application.js:627:10)
    at Function.render (C:\Users\Lenovo\Desktop\P_SAREE SOUL\node_modules\express\lib\application.js:574:3)
    at ServerResponse.render (C:\Users\Lenovo\Desktop\P_SAREE SOUL\node_modules\express\lib\response.js:909:7)
    at getProductDetail (C:\Users\Lenovo\Desktop\P_SAREE SOUL\controllers\user\userController.js:125:9)
    at process.processTicksAndRejections (node:internal/process/task_queues:105:5)
2025-10-07 10:01:51 [ERROR]: TypeError: Cannot read properties of undefined (reading 'quantity')
2025-10-07 11:02:29 [ERROR]: CastError: Cast to ObjectId failed for value "disabled" (type string) at path "variantId" because of "BSONError"
2025-10-07 11:18:30 [ERROR]: ReferenceError: C:\Users\Lenovo\Desktop\P_SAREE SOUL\views\user\productDetail.ejs:623
    621| 
    622|           <div class="action-buttons">
 >> 623|             <button class="btn btn-primary"  id="addToCartBtn" <%=stock===6%> ?'disabled' : ''>
    624|               <i class="bi bi-cart-plus"></i> Add to Cart
    625| 
    626|             </button>

stock is not defined
    at eval (eval at compile (C:\Users\Lenovo\Desktop\P_SAREE SOUL\node_modules\ejs\lib\ejs.js:673:12), <anonymous>:177:25)
    at productDetail (C:\Users\Lenovo\Desktop\P_SAREE SOUL\node_modules\ejs\lib\ejs.js:703:17)
    at tryHandleCache (C:\Users\Lenovo\Desktop\P_SAREE SOUL\node_modules\ejs\lib\ejs.js:274:36)
    at exports.renderFile [as engine] (C:\Users\Lenovo\Desktop\P_SAREE SOUL\node_modules\ejs\lib\ejs.js:491:10)
    at View.render (C:\Users\Lenovo\Desktop\P_SAREE SOUL\node_modules\express\lib\view.js:139:8)
    at tryRender (C:\Users\Lenovo\Desktop\P_SAREE SOUL\node_modules\express\lib\application.js:627:10)
    at Function.render (C:\Users\Lenovo\Desktop\P_SAREE SOUL\node_modules\express\lib\application.js:574:3)
    at ServerResponse.render (C:\Users\Lenovo\Desktop\P_SAREE SOUL\node_modules\express\lib\response.js:909:7)
    at getProductDetail (C:\Users\Lenovo\Desktop\P_SAREE SOUL\controllers\user\userController.js:123:9)
    at process.processTicksAndRejections (node:internal/process/task_queues:105:5)
2025-10-16 09:14:04 [ERROR]: TypeError: Cannot read properties of undefined (reading '_id')
2025-10-16 16:24:51 [ERROR]: ReferenceError: C:\Users\Lenovo\Desktop\P_SAREE SOUL\views\user\productDetail.ejs:630
    628|               <i class="bi bi-lightning"></i> Buy Now
    629|             </button>
 >> 630|             <% if(wishlistVariantIds.includes(variant._id.toString())){%>
    631|             <button class="btn btn-outline-secondary" disabled >
    632|               <i class="bi bi-heart-fill"></i> Added
    633|             </button>

variant is not defined
    at eval (eval at compile (C:\Users\Lenovo\Desktop\P_SAREE SOUL\node_modules\ejs\lib\ejs.js:673:12), <anonymous>:177:39)
    at productDetail (C:\Users\Lenovo\Desktop\P_SAREE SOUL\node_modules\ejs\lib\ejs.js:703:17)
    at tryHandleCache (C:\Users\Lenovo\Desktop\P_SAREE SOUL\node_modules\ejs\lib\ejs.js:274:36)
    at exports.renderFile [as engine] (C:\Users\Lenovo\Desktop\P_SAREE SOUL\node_modules\ejs\lib\ejs.js:491:10)
    at View.render (C:\Users\Lenovo\Desktop\P_SAREE SOUL\node_modules\express\lib\view.js:139:8)
    at tryRender (C:\Users\Lenovo\Desktop\P_SAREE SOUL\node_modules\express\lib\application.js:627:10)
    at Function.render (C:\Users\Lenovo\Desktop\P_SAREE SOUL\node_modules\express\lib\application.js:574:3)
    at ServerResponse.render (C:\Users\Lenovo\Desktop\P_SAREE SOUL\node_modules\express\lib\response.js:909:7)
    at getProductDetail (file:///C:/Users/Lenovo/Desktop/P_SAREE%20SOUL/controllers/user/userController.js:130:9)
    at process.processTicksAndRejections (node:internal/process/task_queues:105:5)
2025-10-16 16:54:30 [ERROR]: ReferenceError: C:\Users\Lenovo\Desktop\P_SAREE SOUL\views\user\productDetail.ejs:628
    626|               </button>
    627|               
 >> 628|               <% if(wishlistVariantIds.includes(variant._id.toString())) { %>
    629|                 <button class="btn btn-outline-secondary" disabled>
    630|                   <i class="bi bi-heart-fill"></i> Added
    631|                 </button>

variant is not defined
    at eval (eval at compile (C:\Users\Lenovo\Desktop\P_SAREE SOUL\node_modules\ejs\lib\ejs.js:673:12), <anonymous>:173:39)
    at productDetail (C:\Users\Lenovo\Desktop\P_SAREE SOUL\node_modules\ejs\lib\ejs.js:703:17)
    at tryHandleCache (C:\Users\Lenovo\Desktop\P_SAREE SOUL\node_modules\ejs\lib\ejs.js:274:36)
    at exports.renderFile [as engine] (C:\Users\Lenovo\Desktop\P_SAREE SOUL\node_modules\ejs\lib\ejs.js:491:10)
    at View.render (C:\Users\Lenovo\Desktop\P_SAREE SOUL\node_modules\express\lib\view.js:139:8)
    at tryRender (C:\Users\Lenovo\Desktop\P_SAREE SOUL\node_modules\express\lib\application.js:627:10)
    at Function.render (C:\Users\Lenovo\Desktop\P_SAREE SOUL\node_modules\express\lib\application.js:574:3)
    at ServerResponse.render (C:\Users\Lenovo\Desktop\P_SAREE SOUL\node_modules\express\lib\response.js:909:7)
    at getProductDetail (file:///C:/Users/Lenovo/Desktop/P_SAREE%20SOUL/controllers/user/userController.js:130:9)
    at process.processTicksAndRejections (node:internal/process/task_queues:105:5)
2025-10-17 19:06:10 [ERROR]: ReferenceError: C:\Users\Lenovo\Desktop\P_SAREE SOUL\views\user\productDetail.ejs:682
    680|     const variants = <%- JSON.stringify(variants) %>;
    681|     const product = <%- JSON.stringify(product) %>;
 >> 682|     const wishlistItems=<%- JSON.stringify(wishlist || [])%>;
    683|     const cartItems=<%- JSON.stringify(cartItems || [] )%>;
    684| 
    685|         const MAX_LIMIT=5;

wishlist is not defined
    at eval (eval at compile (C:\Users\Lenovo\Desktop\P_SAREE SOUL\node_modules\ejs\lib\ejs.js:673:12), <anonymous>:189:32)
    at productDetail (C:\Users\Lenovo\Desktop\P_SAREE SOUL\node_modules\ejs\lib\ejs.js:703:17)
    at tryHandleCache (C:\Users\Lenovo\Desktop\P_SAREE SOUL\node_modules\ejs\lib\ejs.js:274:36)
    at exports.renderFile [as engine] (C:\Users\Lenovo\Desktop\P_SAREE SOUL\node_modules\ejs\lib\ejs.js:491:10)
    at View.render (C:\Users\Lenovo\Desktop\P_SAREE SOUL\node_modules\express\lib\view.js:139:8)
    at tryRender (C:\Users\Lenovo\Desktop\P_SAREE SOUL\node_modules\express\lib\application.js:627:10)
    at Function.render (C:\Users\Lenovo\Desktop\P_SAREE SOUL\node_modules\express\lib\application.js:574:3)
    at ServerResponse.render (C:\Users\Lenovo\Desktop\P_SAREE SOUL\node_modules\express\lib\response.js:909:7)
    at getProductDetail (file:///C:/Users/Lenovo/Desktop/P_SAREE%20SOUL/controllers/user/userController.js:130:9)
    at process.processTicksAndRejections (node:internal/process/task_queues:105:5)
2025-10-17 19:10:25 [ERROR]: ReferenceError: C:\Users\Lenovo\Desktop\P_SAREE SOUL\views\user\productDetail.ejs:683
    681|     const product = <%- JSON.stringify(product) %>;
    682|     const wishlistItems=<%- JSON.stringify(wishlistVariantIds  || [])%>;
 >> 683|     const cartItems=<%- JSON.stringify(cartItems || [] )%>;
    684| 
    685|         const MAX_LIMIT=5;
    686|     //initialize zoom

cartItems is not defined
    at eval (eval at compile (C:\Users\Lenovo\Desktop\P_SAREE SOUL\node_modules\ejs\lib\ejs.js:673:12), <anonymous>:192:32)
    at productDetail (C:\Users\Lenovo\Desktop\P_SAREE SOUL\node_modules\ejs\lib\ejs.js:703:17)
    at tryHandleCache (C:\Users\Lenovo\Desktop\P_SAREE SOUL\node_modules\ejs\lib\ejs.js:274:36)
    at exports.renderFile [as engine] (C:\Users\Lenovo\Desktop\P_SAREE SOUL\node_modules\ejs\lib\ejs.js:491:10)
    at View.render (C:\Users\Lenovo\Desktop\P_SAREE SOUL\node_modules\express\lib\view.js:139:8)
    at tryRender (C:\Users\Lenovo\Desktop\P_SAREE SOUL\node_modules\express\lib\application.js:627:10)
    at Function.render (C:\Users\Lenovo\Desktop\P_SAREE SOUL\node_modules\express\lib\application.js:574:3)
    at ServerResponse.render (C:\Users\Lenovo\Desktop\P_SAREE SOUL\node_modules\express\lib\response.js:909:7)
    at getProductDetail (file:///C:/Users/Lenovo/Desktop/P_SAREE%20SOUL/controllers/user/userController.js:130:9)
    at process.processTicksAndRejections (node:internal/process/task_queues:105:5)
2025-10-17 19:10:26 [ERROR]: ReferenceError: C:\Users\Lenovo\Desktop\P_SAREE SOUL\views\user\productDetail.ejs:683
    681|     const product = <%- JSON.stringify(product) %>;
    682|     const wishlistItems=<%- JSON.stringify(wishlistVariantIds  || [])%>;
 >> 683|     const cartItems=<%- JSON.stringify(cartItems || [] )%>;
    684| 
    685|         const MAX_LIMIT=5;
    686|     //initialize zoom

cartItems is not defined
    at eval (eval at compile (C:\Users\Lenovo\Desktop\P_SAREE SOUL\node_modules\ejs\lib\ejs.js:673:12), <anonymous>:192:32)
    at productDetail (C:\Users\Lenovo\Desktop\P_SAREE SOUL\node_modules\ejs\lib\ejs.js:703:17)
    at tryHandleCache (C:\Users\Lenovo\Desktop\P_SAREE SOUL\node_modules\ejs\lib\ejs.js:274:36)
    at exports.renderFile [as engine] (C:\Users\Lenovo\Desktop\P_SAREE SOUL\node_modules\ejs\lib\ejs.js:491:10)
    at View.render (C:\Users\Lenovo\Desktop\P_SAREE SOUL\node_modules\express\lib\view.js:139:8)
    at tryRender (C:\Users\Lenovo\Desktop\P_SAREE SOUL\node_modules\express\lib\application.js:627:10)
    at Function.render (C:\Users\Lenovo\Desktop\P_SAREE SOUL\node_modules\express\lib\application.js:574:3)
    at ServerResponse.render (C:\Users\Lenovo\Desktop\P_SAREE SOUL\node_modules\express\lib\response.js:909:7)
    at getProductDetail (file:///C:/Users/Lenovo/Desktop/P_SAREE%20SOUL/controllers/user/userController.js:130:9)
    at process.processTicksAndRejections (node:internal/process/task_queues:105:5)
2025-10-17 19:13:14 [ERROR]: ReferenceError: Cart is not defined
2025-10-18 12:04:38 [ERROR]: TypeError: Cannot read properties of undefined (reading 'trim')
2025-10-18 12:25:30 [ERROR]: [object Object]
2025-10-18 13:25:34 [ERROR]: Error adding variant: logger is not defined
2025-10-19 18:37:00 [ERROR]: Error: C:\Users\Lenovo\Desktop\P_SAREE SOUL\views\user\forgot-password.ejs:195
    193| <body>
    194|     <!-- Include Header -->
 >> 195|     <%- include('../partials/header') %>
    196| 
    197|     <!-- Forgot Password Section -->
    198|     <div class="forgot-password-wrapper">

Could not find the include file "../partials/header"
    at getIncludePath (C:\Users\Lenovo\Desktop\P_SAREE SOUL\node_modules\ejs\lib\ejs.js:185:13)
    at includeFile (C:\Users\Lenovo\Desktop\P_SAREE SOUL\node_modules\ejs\lib\ejs.js:311:19)
    at include (C:\Users\Lenovo\Desktop\P_SAREE SOUL\node_modules\ejs\lib\ejs.js:701:16)
    at eval (eval at compile (C:\Users\Lenovo\Desktop\P_SAREE SOUL\node_modules\ejs\lib\ejs.js:673:12), <anonymous>:12:17)
    at forgot-password (C:\Users\Lenovo\Desktop\P_SAREE SOUL\node_modules\ejs\lib\ejs.js:703:17)
    at tryHandleCache (C:\Users\Lenovo\Desktop\P_SAREE SOUL\node_modules\ejs\lib\ejs.js:274:36)
    at exports.renderFile [as engine] (C:\Users\Lenovo\Desktop\P_SAREE SOUL\node_modules\ejs\lib\ejs.js:491:10)
    at View.render (C:\Users\Lenovo\Desktop\P_SAREE SOUL\node_modules\express\lib\view.js:139:8)
    at tryRender (C:\Users\Lenovo\Desktop\P_SAREE SOUL\node_modules\express\lib\application.js:627:10)
    at Function.render (C:\Users\Lenovo\Desktop\P_SAREE SOUL\node_modules\express\lib\application.js:574:3)
2025-10-20 10:00:44 [ERROR]: Error in postAddCategory: Assignment to constant variable.
2025-10-20 10:00:44 [ERROR]: Error in postAddCategory: Assignment to constant variable.
2025-10-20 10:00:53 [ERROR]: Error in postAddCategory: Assignment to constant variable.
2025-10-20 12:01:02 [ERROR]: Error in postAddCategory: E11000 duplicate key error collection: sareeSoul.categories index: name_1 dup key: { name: "akhila sarees" }
2025-10-20 13:12:20 [ERROR]: Error in postAddBrand: E11000 duplicate key error collection: sareeSoul.brands index: name_1 collation: { locale: "en", caseLevel: false, caseFirst: "off", strength: 2, numericOrdering: false, alternate: "non-ignorable", maxVariable: "punct", normalization: false, backwards: false, version: "57.1" } dup key: { name: "CollationKey(0x47454f37594d010a)" }
2025-10-20 20:45:05 [ERROR]: Error in postAddBrand: E11000 duplicate key error collection: sareeSoul.brands index: name_1 collation: { locale: "en", caseLevel: false, caseFirst: "off", strength: 2, numericOrdering: false, alternate: "non-ignorable", maxVariable: "punct", normalization: false, backwards: false, version: "57.1" } dup key: { name: "CollationKey(0x47454f37594d010a)" }
2025-10-20 20:45:29 [ERROR]: Error in postAddBrand: E11000 duplicate key error collection: sareeSoul.brands index: name_1 collation: { locale: "en", caseLevel: false, caseFirst: "off", strength: 2, numericOrdering: false, alternate: "non-ignorable", maxVariable: "punct", normalization: false, backwards: false, version: "57.1" } dup key: { name: "CollationKey(0x47454f37594d010a)" }
2025-10-20 20:45:48 [ERROR]: Error in postAddBrand: E11000 duplicate key error collection: sareeSoul.brands index: name_1 collation: { locale: "en", caseLevel: false, caseFirst: "off", strength: 2, numericOrdering: false, alternate: "non-ignorable", maxVariable: "punct", normalization: false, backwards: false, version: "57.1" } dup key: { name: "CollationKey(0x47454f37594d010a)" }
2025-10-22 09:49:48 [ERROR]: (node:11464) [DEP0044] DeprecationWarning: The `util.isArray` API is deprecated. Please use `Array.isArray()` instead.
(Use `node --trace-deprecation ...` to show where the warning was created)
2025-10-22 10:19:38 [ERROR]: verifyPayment error: ValidationError: paymentMethod: `Razorpay` is not a valid enum value for path `paymentMethod`., status: `Paid` is not a valid enum value for path `status`.
2025-10-22 10:29:10 [ERROR]: (node:25468) [DEP0044] DeprecationWarning: The `util.isArray` API is deprecated. Please use `Array.isArray()` instead.
(Use `node --trace-deprecation ...` to show where the warning was created)
2025-10-22 10:39:55 [ERROR]: (node:42176) [DEP0044] DeprecationWarning: The `util.isArray` API is deprecated. Please use `Array.isArray()` instead.
(Use `node --trace-deprecation ...` to show where the warning was created)
2025-10-22 10:52:43 [ERROR]: (node:19392) [DEP0044] DeprecationWarning: The `util.isArray` API is deprecated. Please use `Array.isArray()` instead.
(Use `node --trace-deprecation ...` to show where the warning was created)
2025-10-22 11:38:26 [ERROR]: (node:17568) [DEP0044] DeprecationWarning: The `util.isArray` API is deprecated. Please use `Array.isArray()` instead.
(Use `node --trace-deprecation ...` to show where the warning was created)
2025-10-22 12:09:13 [ERROR]: (node:43648) [DEP0044] DeprecationWarning: The `util.isArray` API is deprecated. Please use `Array.isArray()` instead.
(Use `node --trace-deprecation ...` to show where the warning was created)
2025-10-23 17:34:48 [ERROR]: Error handling return request: ValidationError: items.0.itemStatus: `ReturnRejected` is not a valid enum value for path `itemStatus`.
2025-10-24 11:18:27 [ERROR]: Error fetching wallet details: MongoServerError: E11000 duplicate key error collection: sareeSoul.wallets index: userId_1 dup key: { userId: ObjectId('68d6ad648b19afc1a2fefff0') }
2025-10-26 20:43:39 [ERROR]: (node:9516) [DEP0044] DeprecationWarning: The `util.isArray` API is deprecated. Please use `Array.isArray()` instead.
(Use `node --trace-deprecation ...` to show where the warning was created)
2025-10-27 20:41:15 [ERROR]: Error verifying OTP: ValidationError: image: Cast to string failed for value "[]" (type Array) at path "image", lastName: Path `lastName` is required.
2025-10-27 20:48:08 [ERROR]: Error verifying OTP: ReferenceError: Coupon is not defined
2025-10-28 11:29:01 [ERROR]: ReferenceError: C:\Users\Lenovo\Desktop\P_SAREE SOUL\views\user\my-referrals.ejs:175
    173|       <div class="col-md-6">
    174|         <div class="stats-card">
 >> 175|           <div class="stat-number"><%= totalReferrals %></div>
    176|           <div class="stat-label">Total Successful Referrals</div>
    177|         </div>
    178|       </div>

totalReferrals is not defined
    at eval (eval at compile (C:\Users\Lenovo\Desktop\P_SAREE SOUL\node_modules\ejs\lib\ejs.js:673:12), <anonymous>:19:26)
    at my-referrals (C:\Users\Lenovo\Desktop\P_SAREE SOUL\node_modules\ejs\lib\ejs.js:703:17)
    at tryHandleCache (C:\Users\Lenovo\Desktop\P_SAREE SOUL\node_modules\ejs\lib\ejs.js:274:36)
    at exports.renderFile [as engine] (C:\Users\Lenovo\Desktop\P_SAREE SOUL\node_modules\ejs\lib\ejs.js:491:10)
    at View.render (C:\Users\Lenovo\Desktop\P_SAREE SOUL\node_modules\express\lib\view.js:139:8)
    at tryRender (C:\Users\Lenovo\Desktop\P_SAREE SOUL\node_modules\express\lib\application.js:627:10)
    at Function.render (C:\Users\Lenovo\Desktop\P_SAREE SOUL\node_modules\express\lib\application.js:574:3)
    at ServerResponse.render (C:\Users\Lenovo\Desktop\P_SAREE SOUL\node_modules\express\lib\response.js:909:7)
    at getMyReferrals (file:///C:/Users/Lenovo/Desktop/P_SAREE%20SOUL/controllers/user/userController.js:167:9)
    at process.processTicksAndRejections (node:internal/process/task_queues:105:5)
2025-10-30 14:51:12 [ERROR]: (node:53296) [DEP0044] DeprecationWarning: The `util.isArray` API is deprecated. Please use `Array.isArray()` instead.
(Use `node --trace-deprecation ...` to show where the warning was created)
2025-10-30 16:13:39 [ERROR]: TypeError: C:\Users\Lenovo\Desktop\P_SAREE SOUL\views\user\shop.ejs:114
    112|                 <form action="/cart" method="POST" class="mt-auto">
    113|                   <input type="hidden" name="productId" value="<%= product._id %>">
 >> 114|                   <input type="hidden" name="variantId" value="<%= product.variants[0]._id %>">
    115| 
    116|                   <input type="hidden" name="quantity" value="1">
    117|                 

Cannot read properties of undefined (reading '0')
    at eval (eval at compile (C:\Users\Lenovo\Desktop\P_SAREE SOUL\node_modules\ejs\lib\ejs.js:673:12), <anonymous>:121:42)
    at Array.forEach (<anonymous>)
    at eval (eval at compile (C:\Users\Lenovo\Desktop\P_SAREE SOUL\node_modules\ejs\lib\ejs.js:673:12), <anonymous>:74:17)
    at shop (C:\Users\Lenovo\Desktop\P_SAREE SOUL\node_modules\ejs\lib\ejs.js:703:17)
    at tryHandleCache (C:\Users\Lenovo\Desktop\P_SAREE SOUL\node_modules\ejs\lib\ejs.js:274:36)
    at exports.renderFile [as engine] (C:\Users\Lenovo\Desktop\P_SAREE SOUL\node_modules\ejs\lib\ejs.js:491:10)
    at View.render (C:\Users\Lenovo\Desktop\P_SAREE SOUL\node_modules\express\lib\view.js:139:8)
    at tryRender (C:\Users\Lenovo\Desktop\P_SAREE SOUL\node_modules\express\lib\application.js:627:10)
    at Function.render (C:\Users\Lenovo\Desktop\P_SAREE SOUL\node_modules\express\lib\application.js:574:3)
    at ServerResponse.render (C:\Users\Lenovo\Desktop\P_SAREE SOUL\node_modules\express\lib\response.js:909:7)
2025-10-30 16:14:56 [ERROR]: CastError: Cast to ObjectId failed for value "" (type string) at path "_id" for model "Variant"
2025-10-30 16:21:07 [ERROR]: TypeError: C:\Users\Lenovo\Desktop\P_SAREE SOUL\views\user\shop.ejs:114
    112|                 <form action="/cart" method="POST" class="mt-auto">
    113|                   <input type="hidden" name="productId" value="<%= product._id %>">
 >> 114| <input type="hidden" name="variantId" value="<%= product.defaultVariantId || product.variants[0]?._id %>">
    115| 
    116|                   <input type="hidden" name="quantity" value="1">
    117|                 

Cannot read properties of undefined (reading '0')
    at eval (eval at compile (C:\Users\Lenovo\Desktop\P_SAREE SOUL\node_modules\ejs\lib\ejs.js:673:12), <anonymous>:121:70)
    at Array.forEach (<anonymous>)
    at eval (eval at compile (C:\Users\Lenovo\Desktop\P_SAREE SOUL\node_modules\ejs\lib\ejs.js:673:12), <anonymous>:74:17)
    at shop (C:\Users\Lenovo\Desktop\P_SAREE SOUL\node_modules\ejs\lib\ejs.js:703:17)
    at tryHandleCache (C:\Users\Lenovo\Desktop\P_SAREE SOUL\node_modules\ejs\lib\ejs.js:274:36)
    at exports.renderFile [as engine] (C:\Users\Lenovo\Desktop\P_SAREE SOUL\node_modules\ejs\lib\ejs.js:491:10)
    at View.render (C:\Users\Lenovo\Desktop\P_SAREE SOUL\node_modules\express\lib\view.js:139:8)
    at tryRender (C:\Users\Lenovo\Desktop\P_SAREE SOUL\node_modules\express\lib\application.js:627:10)
    at Function.render (C:\Users\Lenovo\Desktop\P_SAREE SOUL\node_modules\express\lib\application.js:574:3)
    at ServerResponse.render (C:\Users\Lenovo\Desktop\P_SAREE SOUL\node_modules\express\lib\response.js:909:7)
2025-10-30 16:30:10 [ERROR]: StrictPopulateError: Cannot populate path `variantId` because it is not in your schema. Set the `strictPopulate` option to false to override.
2025-10-30 20:02:17 [ERROR]: VersionError: No matching document found for id "68dd0e6e3c6179e3df4b1b20" version 51 modifiedPaths "items, items.0, items.0.quantity"
2025-10-30 20:33:00 [ERROR]: ReferenceError: C:\Users\Lenovo\Desktop\P_SAREE SOUL\views\user\checkout.ejs:659
    657|                                     <strong> Pay Using Wallet</strong>
    658|                                     <small class="d-block text-muted">
 >> 659|                                       Available Balance: <%= walletBalance %>
    660|                                     </small>
    661|                                   </div>
    662|                                 </label>

walletBalance is not defined
    at eval (eval at compile (C:\Users\Lenovo\Desktop\P_SAREE SOUL\node_modules\ejs\lib\ejs.js:673:12), <anonymous>:162:26)
    at checkout (C:\Users\Lenovo\Desktop\P_SAREE SOUL\node_modules\ejs\lib\ejs.js:703:17)
    at tryHandleCache (C:\Users\Lenovo\Desktop\P_SAREE SOUL\node_modules\ejs\lib\ejs.js:274:36)
    at exports.renderFile [as engine] (C:\Users\Lenovo\Desktop\P_SAREE SOUL\node_modules\ejs\lib\ejs.js:491:10)
    at View.render (C:\Users\Lenovo\Desktop\P_SAREE SOUL\node_modules\express\lib\view.js:139:8)
    at tryRender (C:\Users\Lenovo\Desktop\P_SAREE SOUL\node_modules\express\lib\application.js:627:10)
    at Function.render (C:\Users\Lenovo\Desktop\P_SAREE SOUL\node_modules\express\lib\application.js:574:3)
    at ServerResponse.render (C:\Users\Lenovo\Desktop\P_SAREE SOUL\node_modules\express\lib\response.js:909:7)
    at loadCheckout (file:///C:/Users/Lenovo/Desktop/P_SAREE%20SOUL/controllers/user/checkoutController.js:49:9)
    at process.processTicksAndRejections (node:internal/process/task_queues:105:5)
2025-10-31 20:51:06 [ERROR]: TypeError: C:\Users\Lenovo\Desktop\P_SAREE SOUL\views\user\checkout.ejs:488
    486|                 </div>
    487|                 <div class="card-body">
 >> 488|                   <% items.forEach(item=> { %>
    489|                     <div class="order-item row align-items-center">
    490|                       <div class="col-3 col-md-2 position-relative">
    491|                         <img

Cannot read properties of undefined (reading 'forEach')
    at eval (eval at compile (C:\Users\Lenovo\Desktop\P_SAREE SOUL\node_modules\ejs\lib\ejs.js:673:12), <anonymous>:82:14)
    at checkout (C:\Users\Lenovo\Desktop\P_SAREE SOUL\node_modules\ejs\lib\ejs.js:703:17)
    at tryHandleCache (C:\Users\Lenovo\Desktop\P_SAREE SOUL\node_modules\ejs\lib\ejs.js:274:36)
    at exports.renderFile [as engine] (C:\Users\Lenovo\Desktop\P_SAREE SOUL\node_modules\ejs\lib\ejs.js:491:10)
    at View.render (C:\Users\Lenovo\Desktop\P_SAREE SOUL\node_modules\express\lib\view.js:139:8)
    at tryRender (C:\Users\Lenovo\Desktop\P_SAREE SOUL\node_modules\express\lib\application.js:627:10)
    at Function.render (C:\Users\Lenovo\Desktop\P_SAREE SOUL\node_modules\express\lib\application.js:574:3)
    at ServerResponse.render (C:\Users\Lenovo\Desktop\P_SAREE SOUL\node_modules\express\lib\response.js:909:7)
    at loadCheckout (file:///C:/Users/Lenovo/Desktop/P_SAREE%20SOUL/controllers/user/checkoutController.js:87:9)
    at process.processTicksAndRejections (node:internal/process/task_queues:105:5)
2025-10-31 21:18:58 [ERROR]: (node:56128) [DEP0044] DeprecationWarning: The `util.isArray` API is deprecated. Please use `Array.isArray()` instead.
(Use `node --trace-deprecation ...` to show where the warning was created)
2025-11-03 14:48:19 [ERROR]: (node:46804) [DEP0044] DeprecationWarning: The `util.isArray` API is deprecated. Please use `Array.isArray()` instead.
(Use `node --trace-deprecation ...` to show where the warning was created)
2025-11-03 15:35:37 [ERROR]: MongoServerError: E11000 duplicate key error collection: sareeSoul.users index: email_1 dup key: { email: "akhilapc0@gmail.com" }
    at InsertOneOperation.execute (C:\Users\Lenovo\Desktop\P_SAREE SOUL\node_modules\mongodb\lib\operations\insert.js:51:19)
    at process.processTicksAndRejections (node:internal/process/task_queues:105:5)
    at async tryOperation (C:\Users\Lenovo\Desktop\P_SAREE SOUL\node_modules\mongodb\lib\operations\execute_operation.js:207:20)
    at async executeOperation (C:\Users\Lenovo\Desktop\P_SAREE SOUL\node_modules\mongodb\lib\operations\execute_operation.js:75:16)
    at async Collection.insertOne (C:\Users\Lenovo\Desktop\P_SAREE SOUL\node_modules\mongodb\lib\collection.js:157:16)
2025-11-03 15:36:15 [ERROR]: MongoServerError: E11000 duplicate key error collection: sareeSoul.users index: email_1 dup key: { email: "akhilapc0@gmail.com" }
    at InsertOneOperation.execute (C:\Users\Lenovo\Desktop\P_SAREE SOUL\node_modules\mongodb\lib\operations\insert.js:51:19)
    at process.processTicksAndRejections (node:internal/process/task_queues:105:5)
    at async tryOperation (C:\Users\Lenovo\Desktop\P_SAREE SOUL\node_modules\mongodb\lib\operations\execute_operation.js:207:20)
    at async executeOperation (C:\Users\Lenovo\Desktop\P_SAREE SOUL\node_modules\mongodb\lib\operations\execute_operation.js:75:16)
    at async Collection.insertOne (C:\Users\Lenovo\Desktop\P_SAREE SOUL\node_modules\mongodb\lib\collection.js:157:16)
2025-11-03 16:16:43 [ERROR]: ReferenceError: profile is not defined
    at Strategy._verify (file:///C:/Users/Lenovo/Desktop/P_SAREE%20SOUL/config/passport.js:26:48)
    at process.processTicksAndRejections (node:internal/process/task_queues:105:5)
2025-11-03 16:17:22 [ERROR]: TokenError: Bad Request
    at OAuth2Strategy.parseErrorResponse (C:\Users\Lenovo\Desktop\P_SAREE SOUL\node_modules\passport-oauth2\lib\strategy.js:373:12)
    at OAuth2Strategy._createOAuthError (C:\Users\Lenovo\Desktop\P_SAREE SOUL\node_modules\passport-oauth2\lib\strategy.js:420:16)
    at C:\Users\Lenovo\Desktop\P_SAREE SOUL\node_modules\passport-oauth2\lib\strategy.js:177:45
    at C:\Users\Lenovo\Desktop\P_SAREE SOUL\node_modules\oauth\lib\oauth2.js:196:18
    at passBackControl (C:\Users\Lenovo\Desktop\P_SAREE SOUL\node_modules\oauth\lib\oauth2.js:132:9)
    at IncomingMessage.<anonymous> (C:\Users\Lenovo\Desktop\P_SAREE SOUL\node_modules\oauth\lib\oauth2.js:157:7)
    at IncomingMessage.emit (node:events:530:35)
    at endReadableNT (node:internal/streams/readable:1698:12)
    at process.processTicksAndRejections (node:internal/process/task_queues:90:21)
2025-11-03 16:17:46 [ERROR]: CastError: Cast to ObjectId failed for value "{ email: 'akhilapc0@gmail.com' }" (type Object) at path "_id" for model "User"
    at SchemaObjectId.cast (C:\Users\Lenovo\Desktop\P_SAREE SOUL\node_modules\mongoose\lib\schema\objectId.js:251:11)
    at SchemaType.applySetters (C:\Users\Lenovo\Desktop\P_SAREE SOUL\node_modules\mongoose\lib\schemaType.js:1258:12)
    at SchemaType.castForQuery (C:\Users\Lenovo\Desktop\P_SAREE SOUL\node_modules\mongoose\lib\schemaType.js:1676:17)
    at cast (C:\Users\Lenovo\Desktop\P_SAREE SOUL\node_modules\mongoose\lib\cast.js:319:34)
    at Query.cast (C:\Users\Lenovo\Desktop\P_SAREE SOUL\node_modules\mongoose\lib\query.js:5055:12)
    at Query._castConditions (C:\Users\Lenovo\Desktop\P_SAREE SOUL\node_modules\mongoose\lib\query.js:2351:10)
    at model.Query._findOne (C:\Users\Lenovo\Desktop\P_SAREE SOUL\node_modules\mongoose\lib\query.js:2674:8)
    at model.Query.exec (C:\Users\Lenovo\Desktop\P_SAREE SOUL\node_modules\mongoose\lib\query.js:4604:80)
    at process.processTicksAndRejections (node:internal/process/task_queues:105:5)
    at async Strategy._verify (file:///C:/Users/Lenovo/Desktop/P_SAREE%20SOUL/config/passport.js:26:21)
2025-11-03 16:19:09 [ERROR]: CastError: Cast to ObjectId failed for value "{ email: 'akhilapc0@gmail.com' }" (type Object) at path "_id" for model "User"
    at SchemaObjectId.cast (C:\Users\Lenovo\Desktop\P_SAREE SOUL\node_modules\mongoose\lib\schema\objectId.js:251:11)
    at SchemaType.applySetters (C:\Users\Lenovo\Desktop\P_SAREE SOUL\node_modules\mongoose\lib\schemaType.js:1258:12)
    at SchemaType.castForQuery (C:\Users\Lenovo\Desktop\P_SAREE SOUL\node_modules\mongoose\lib\schemaType.js:1676:17)
    at cast (C:\Users\Lenovo\Desktop\P_SAREE SOUL\node_modules\mongoose\lib\cast.js:319:34)
    at Query.cast (C:\Users\Lenovo\Desktop\P_SAREE SOUL\node_modules\mongoose\lib\query.js:5055:12)
    at Query._castConditions (C:\Users\Lenovo\Desktop\P_SAREE SOUL\node_modules\mongoose\lib\query.js:2351:10)
    at model.Query._findOne (C:\Users\Lenovo\Desktop\P_SAREE SOUL\node_modules\mongoose\lib\query.js:2674:8)
    at model.Query.exec (C:\Users\Lenovo\Desktop\P_SAREE SOUL\node_modules\mongoose\lib\query.js:4604:80)
    at process.processTicksAndRejections (node:internal/process/task_queues:105:5)
    at async Strategy._verify (file:///C:/Users/Lenovo/Desktop/P_SAREE%20SOUL/config/passport.js:26:21)
2025-11-03 16:21:14 [ERROR]: TokenError: Bad Request
    at OAuth2Strategy.parseErrorResponse (C:\Users\Lenovo\Desktop\P_SAREE SOUL\node_modules\passport-oauth2\lib\strategy.js:373:12)
    at OAuth2Strategy._createOAuthError (C:\Users\Lenovo\Desktop\P_SAREE SOUL\node_modules\passport-oauth2\lib\strategy.js:420:16)
    at C:\Users\Lenovo\Desktop\P_SAREE SOUL\node_modules\passport-oauth2\lib\strategy.js:177:45
    at C:\Users\Lenovo\Desktop\P_SAREE SOUL\node_modules\oauth\lib\oauth2.js:196:18
    at passBackControl (C:\Users\Lenovo\Desktop\P_SAREE SOUL\node_modules\oauth\lib\oauth2.js:132:9)
    at IncomingMessage.<anonymous> (C:\Users\Lenovo\Desktop\P_SAREE SOUL\node_modules\oauth\lib\oauth2.js:157:7)
    at IncomingMessage.emit (node:events:530:35)
    at endReadableNT (node:internal/streams/readable:1698:12)
    at process.processTicksAndRejections (node:internal/process/task_queues:90:21)
2025-11-04 10:27:40 [ERROR]: Error in postAddBrand: E11000 duplicate key error collection: sareeSoul.brands index: name_1 collation: { locale: "en", caseLevel: false, caseFirst: "off", strength: 2, numericOrdering: false, alternate: "non-ignorable", maxVariable: "punct", normalization: false, backwards: false, version: "57.1" } dup key: { name: "CollationKey(0x47454f37594d010a)" }
2025-11-04 10:27:55 [ERROR]: Error in postAddBrand: E11000 duplicate key error collection: sareeSoul.brands index: name_1 collation: { locale: "en", caseLevel: false, caseFirst: "off", strength: 2, numericOrdering: false, alternate: "non-ignorable", maxVariable: "punct", normalization: false, backwards: false, version: "57.1" } dup key: { name: "CollationKey(0x47454f37594d010a)" }
2025-11-08 09:54:42 [ERROR]: Error: Failed to lookup view "sales-report" in views directories "C:\Users\Lenovo\Desktop\P_SAREE SOUL\views\user" or "C:\Users\Lenovo\Desktop\P_SAREE SOUL\views\admin"
    at Function.render (C:\Users\Lenovo\Desktop\P_SAREE SOUL\node_modules\express\lib\application.js:562:17)
    at ServerResponse.render (C:\Users\Lenovo\Desktop\P_SAREE SOUL\node_modules\express\lib\response.js:909:7)
    at getSalesReportPage (file:///C:/Users/Lenovo/Desktop/P_SAREE%20SOUL/controllers/admin/salesReportController.js:7:9)
    at Layer.handleRequest (C:\Users\Lenovo\Desktop\P_SAREE SOUL\node_modules\router\lib\layer.js:152:17)
    at next (C:\Users\Lenovo\Desktop\P_SAREE SOUL\node_modules\router\lib\route.js:157:13)
    at Route.dispatch (C:\Users\Lenovo\Desktop\P_SAREE SOUL\node_modules\router\lib\route.js:117:3)
    at handle (C:\Users\Lenovo\Desktop\P_SAREE SOUL\node_modules\router\index.js:435:11)
    at Layer.handleRequest (C:\Users\Lenovo\Desktop\P_SAREE SOUL\node_modules\router\lib\layer.js:152:17)
    at C:\Users\Lenovo\Desktop\P_SAREE SOUL\node_modules\router\index.js:295:15
    at processParams (C:\Users\Lenovo\Desktop\P_SAREE SOUL\node_modules\router\index.js:582:12)
    at next (C:\Users\Lenovo\Desktop\P_SAREE SOUL\node_modules\router\index.js:291:5)
    at Function.handle (C:\Users\Lenovo\Desktop\P_SAREE SOUL\node_modules\router\index.js:186:3)
    at router (C:\Users\Lenovo\Desktop\P_SAREE SOUL\node_modules\router\index.js:60:12)
    at Layer.handleRequest (C:\Users\Lenovo\Desktop\P_SAREE SOUL\node_modules\router\lib\layer.js:152:17)
    at trimPrefix (C:\Users\Lenovo\Desktop\P_SAREE SOUL\node_modules\router\index.js:342:13)
    at C:\Users\Lenovo\Desktop\P_SAREE SOUL\node_modules\router\index.js:297:9
2025-11-09 13:34:00 [ERROR]: error loading categories: ReferenceError: page is not defined
2025-11-09 20:18:44 [ERROR]: error fethcing cart COUNT: TypeError: cart.items.reduct is not a function
2025-11-09 20:18:46 [ERROR]: error fethcing cart COUNT: TypeError: cart.items.reduct is not a function
2025-11-09 20:20:40 [ERROR]: error fethcing cart COUNT: ReferenceError: totalCount is not defined
2025-11-09 20:20:43 [ERROR]: error fethcing cart COUNT: ReferenceError: totalCount is not defined
2025-11-10 09:28:10 [ERROR]: Error loading cart: ReferenceError: items is not defined
2025-11-10 11:49:30 [ERROR]: ReferenceError: err is not defined
    at offerTotal (file:///C:/Users/Lenovo/Desktop/P_SAREE%20SOUL/controllers/user/cartController.js:47:50)
    at process.processTicksAndRejections (node:internal/process/task_queues:105:5)
2025-11-10 11:51:16 [ERROR]: error in finding totalValue: ReferenceError: item is not defined
2025-11-10 14:27:36 [ERROR]: Error loading cart: TypeError: {(intermediate value)}.sort is not a function
2025-11-11 09:26:28 [ERROR]: Error loading cart: TypeError: Assignment to constant variable.
2025-11-15 17:31:52 [ERROR]: Error creating Razorpay order: [object Object]
2025-11-15 17:34:12 [ERROR]: Error creating Razorpay order: [object Object]
2025-11-15 17:39:29 [ERROR]: Error creating Razorpay order: [object Object]
2025-11-15 17:44:39 [ERROR]: Error creating Razorpay order: [object Object]
2025-11-15 17:50:22 [ERROR]: Error creating Razorpay order: [object Object]
2025-11-15 18:30:09 [ERROR]: Error creating Razorpay order: [object Object]
2025-11-15 18:32:40 [ERROR]: Error creating Razorpay order: [object Object]
2025-11-15 18:43:21 [ERROR]: Error creating Razorpay order: [object Object]
2025-11-15 19:50:50 [ERROR]: Error creating Razorpay order: [object Object]
2025-11-15 19:50:50 [ERROR]: Error details: 
2025-11-15 19:53:58 [ERROR]: Error creating Razorpay order: [object Object]
2025-11-15 19:53:58 [ERROR]: Error details: 
2025-11-15 19:56:30 [ERROR]: Error creating Razorpay order: [object Object]
2025-11-15 19:56:30 [ERROR]: Error details: 
2025-11-15 20:05:29 [ERROR]: Error creating Razorpay order:
2025-11-15 20:05:29 [ERROR]: [object Object]
2025-11-15 20:05:29 [ERROR]: Full error (JSON): {
  "statusCode": 400,
  "error": {}
}
2025-11-15 20:05:29 [ERROR]: Status code: 400
2025-11-15 20:05:29 [ERROR]: Razorpay error object: [object Object]
2025-11-15 20:05:29 [ERROR]: Error message: 
2025-11-15 20:08:41 [ERROR]: Error creating Razorpay order:
2025-11-15 20:08:41 [ERROR]: [object Object]
2025-11-15 20:08:41 [ERROR]: Full error (JSON): {
  "statusCode": 400,
  "error": {}
}
2025-11-15 20:08:41 [ERROR]: Status code: 400
2025-11-15 20:08:41 [ERROR]: Razorpay error object: [object Object]
2025-11-15 20:08:41 [ERROR]: Error message: 
2025-11-15 20:10:34 [ERROR]: Error creating Razorpay order:
2025-11-15 20:10:34 [ERROR]: [object Object]
2025-11-15 20:10:34 [ERROR]: Full error (JSON): {
  "statusCode": 400,
  "error": {}
}
2025-11-15 20:10:34 [ERROR]: Status code: 400
2025-11-15 20:10:34 [ERROR]: Razorpay error object: [object Object]
2025-11-15 20:10:34 [ERROR]: Error message: 
2025-11-15 20:22:33 [ERROR]: Error creating Razorpay order:
2025-11-15 20:22:33 [ERROR]: [object Object]
2025-11-15 20:22:33 [ERROR]: Full error (JSON): {
  "statusCode": 400,
  "error": {}
}
2025-11-15 20:22:33 [ERROR]: Status code: 400
2025-11-15 20:22:33 [ERROR]: Razorpay error object: [object Object]
2025-11-15 20:22:33 [ERROR]: Error message: 
2025-11-15 20:24:38 [ERROR]: Error creating Razorpay order:
2025-11-15 20:24:38 [ERROR]: [object Object]
2025-11-15 20:24:38 [ERROR]: Full error (JSON): {
  "statusCode": 400,
  "error": {}
}
2025-11-15 20:24:38 [ERROR]: Status code: 400
2025-11-15 20:24:38 [ERROR]: Razorpay error object: [object Object]
2025-11-15 20:24:38 [ERROR]: Error message: 
2025-11-15 20:31:00 [ERROR]: Error creating Razorpay order:
2025-11-15 20:31:00 [ERROR]: [object Object]
2025-11-15 20:31:00 [ERROR]: Full error (JSON): {
  "statusCode": 400,
  "error": {}
}
2025-11-15 20:31:00 [ERROR]: Status code: 400
2025-11-15 20:31:00 [ERROR]: Razorpay error object: [object Object]
2025-11-15 20:31:00 [ERROR]: Error message: 
2025-11-15 20:34:16 [ERROR]: Error creating Razorpay order:
2025-11-15 20:34:16 [ERROR]: [object Object]
2025-11-15 20:34:16 [ERROR]: Full error (JSON): {
  "statusCode": 400,
  "error": {}
}
2025-11-15 20:34:16 [ERROR]: Status code: 400
2025-11-15 20:34:16 [ERROR]: Razorpay error object: [object Object]
2025-11-15 20:34:16 [ERROR]: Error message: 
2025-11-15 20:34:45 [ERROR]: Error creating Razorpay order:
2025-11-15 20:34:45 [ERROR]: [object Object]
2025-11-15 20:34:45 [ERROR]: Full error (JSON): {
  "statusCode": 400,
  "error": {}
}
2025-11-15 20:34:45 [ERROR]: Status code: 400
2025-11-15 20:34:45 [ERROR]: Razorpay error object: [object Object]
2025-11-15 20:34:45 [ERROR]: Error message: 
2025-11-15 20:35:51 [ERROR]: Error creating Razorpay order:
2025-11-15 20:35:51 [ERROR]: [object Object]
2025-11-15 20:35:51 [ERROR]: Full error (JSON): {
  "statusCode": 400,
  "error": {}
}
2025-11-15 20:35:51 [ERROR]: Status code: 400
2025-11-15 20:35:51 [ERROR]: Razorpay error object: [object Object]
2025-11-15 20:35:51 [ERROR]: Error message: 
2025-11-15 20:36:41 [ERROR]: Error creating Razorpay order:
2025-11-15 20:36:41 [ERROR]: [object Object]
2025-11-15 20:36:41 [ERROR]: Full error (JSON): {
  "statusCode": 400,
  "error": {}
}
2025-11-15 20:36:41 [ERROR]: Status code: 400
2025-11-15 20:36:41 [ERROR]: Razorpay error object: [object Object]
2025-11-15 20:36:41 [ERROR]: Error message: 
2025-11-15 20:44:04 [ERROR]: Error creating Razorpay order:
2025-11-15 20:44:04 [ERROR]: [object Object]
2025-11-15 20:44:04 [ERROR]: Full error (JSON): {
  "statusCode": 400,
  "error": {}
}
2025-11-15 20:44:04 [ERROR]: Status code: 400
2025-11-15 20:44:04 [ERROR]: Razorpay error object: [object Object]
2025-11-15 20:44:04 [ERROR]: Error message: 
2025-11-15 20:48:01 [ERROR]: Error creating Razorpay order:
2025-11-15 20:48:01 [ERROR]: [object Object]
2025-11-15 20:48:01 [ERROR]: Full error (JSON): {
  "statusCode": 400,
  "error": {}
}
2025-11-15 20:48:01 [ERROR]: Status code: 400
2025-11-15 20:48:01 [ERROR]: Razorpay error object: [object Object]
2025-11-15 20:48:01 [ERROR]: Error message: 
2025-11-15 20:52:48 [ERROR]: Error creating Razorpay order:
2025-11-15 20:52:48 [ERROR]: [object Object]
2025-11-15 20:52:48 [ERROR]: Full error (JSON): {
  "statusCode": 400,
  "error": {}
}
2025-11-15 20:52:48 [ERROR]: Status code: 400
2025-11-15 20:52:48 [ERROR]: Razorpay error object: [object Object]
2025-11-15 20:52:48 [ERROR]: Error message: 
2025-11-15 20:56:11 [ERROR]: Error creating Razorpay order:
2025-11-15 20:56:11 [ERROR]: [object Object]
2025-11-15 20:56:11 [ERROR]: Full error (JSON): {
  "statusCode": 400,
  "error": {}
}
2025-11-15 20:56:11 [ERROR]: Status code: 400
2025-11-15 20:56:11 [ERROR]: Razorpay error object: [object Object]
2025-11-15 20:56:11 [ERROR]: Error message: 
2025-11-15 21:06:21 [ERROR]: Error creating Razorpay order:
2025-11-15 21:06:21 [ERROR]: [object Object]
2025-11-15 21:06:21 [ERROR]: Full error (JSON): {
  "statusCode": 400,
  "error": {}
}
2025-11-15 21:06:21 [ERROR]: Status code: 400
2025-11-15 21:06:21 [ERROR]: Razorpay error object: [object Object]
2025-11-15 21:06:21 [ERROR]: Error message: 
2025-11-15 21:18:40 [ERROR]: Error creating Razorpay order:
2025-11-15 21:18:40 [ERROR]: [object Object]
2025-11-15 21:18:40 [ERROR]: Full error (JSON): {
  "statusCode": 400,
  "error": {}
}
2025-11-15 21:18:40 [ERROR]: Status code: 400
2025-11-15 21:18:40 [ERROR]: Razorpay error object: [object Object]
2025-11-15 21:18:40 [ERROR]: Error message: 
2025-11-15 21:41:00 [ERROR]: Error creating Razorpay order:
2025-11-15 21:41:00 [ERROR]: [object Object]
2025-11-15 21:41:00 [ERROR]: Full error (JSON): {
  "statusCode": 400,
  "error": {}
}
2025-11-15 21:41:00 [ERROR]: Status code: 400
2025-11-15 21:41:00 [ERROR]: Razorpay error object: [object Object]
2025-11-15 21:41:00 [ERROR]: Error message: 
2025-11-15 21:44:19 [ERROR]: Error creating Razorpay order:
2025-11-15 21:44:19 [ERROR]: [object Object]
2025-11-15 21:44:19 [ERROR]: Full error (JSON): {
  "statusCode": 400,
  "error": {}
}
2025-11-15 21:44:19 [ERROR]: Status code: 400
2025-11-15 21:44:19 [ERROR]: Razorpay error object: [object Object]
2025-11-15 21:44:19 [ERROR]: Error message: 
2025-11-15 21:48:37 [ERROR]: Error creating Razorpay order:
2025-11-15 21:48:37 [ERROR]: [object Object]
2025-11-15 21:48:37 [ERROR]: Full error (JSON): {
  "statusCode": 400,
  "error": {}
}
2025-11-15 21:48:37 [ERROR]: Status code: 400
2025-11-15 21:48:37 [ERROR]: Razorpay error object: [object Object]
2025-11-15 21:48:37 [ERROR]: Error message: 
2025-11-15 21:49:28 [ERROR]: Error creating Razorpay order:
2025-11-15 21:49:28 [ERROR]: [object Object]
2025-11-15 21:49:28 [ERROR]: Full error (JSON): {
  "statusCode": 400,
  "error": {}
}
2025-11-15 21:49:28 [ERROR]: Status code: 400
2025-11-15 21:49:28 [ERROR]: Razorpay error object: [object Object]
2025-11-15 21:49:28 [ERROR]: Error message: 
2025-11-15 21:49:44 [ERROR]: Error creating Razorpay order:
2025-11-15 21:49:44 [ERROR]: [object Object]
2025-11-15 21:49:44 [ERROR]: Full error (JSON): {
  "statusCode": 400,
  "error": {}
}
2025-11-15 21:49:44 [ERROR]: Status code: 400
2025-11-15 21:49:44 [ERROR]: Razorpay error object: [object Object]
2025-11-15 21:49:44 [ERROR]: Error message: 
2025-11-16 00:43:16 [ERROR]: Error creating Razorpay order:
2025-11-16 00:43:16 [ERROR]: [object Object]
2025-11-16 00:43:16 [ERROR]: Full error (JSON): {
  "statusCode": 400,
  "error": {}
}
2025-11-16 00:43:16 [ERROR]: Status code: 400
2025-11-16 00:43:16 [ERROR]: Razorpay error object: [object Object]
2025-11-16 00:43:16 [ERROR]: Error message: 
2025-11-16 00:48:33 [ERROR]: Error creating Razorpay order:
2025-11-16 00:48:33 [ERROR]: [object Object]
2025-11-16 00:48:33 [ERROR]: Full error (JSON): {
  "statusCode": 400,
  "error": {}
}
2025-11-16 00:48:33 [ERROR]: Status code: 400
2025-11-16 00:48:33 [ERROR]: Razorpay error object: [object Object]
2025-11-16 00:48:33 [ERROR]: Error message: 
2025-11-16 00:59:43 [ERROR]: 
=== WALLET ORDER CREATION ERROR ===
2025-11-16 00:59:43 [ERROR]: Error name: 
2025-11-16 00:59:43 [ERROR]: Error message: 
2025-11-16 00:59:43 [ERROR]: Status code: 400
2025-11-16 00:59:43 [ERROR]: 
--- Full Error Object ---
2025-11-16 00:59:43 [ERROR]: Error keys: statusCode,error
2025-11-16 00:59:43 [ERROR]: Error: [object Object]
2025-11-16 00:59:43 [ERROR]: 
--- Razorpay Error Details ---
2025-11-16 00:59:43 [ERROR]: Error object: [object Object]
2025-11-16 00:59:43 [ERROR]: Error description: receipt: the length must be no more than 40.
2025-11-16 00:59:43 [ERROR]: Error reason: input_validation_failed
2025-11-16 00:59:43 [ERROR]: Error field: 
2025-11-16 00:59:43 [ERROR]: Error code: BAD_REQUEST_ERROR
2025-11-17 10:56:21 [ERROR]: Error: Not found -/admin/user/assets/imgs/people/avatar4.jpg
2025-11-17 10:56:21 [ERROR]: Error: Failed to lookup view "error" in views directories "C:\Users\Lenovo\Desktop\P_SAREE SOUL\views\user" or "C:\Users\Lenovo\Desktop\P_SAREE SOUL\views\admin"
    at Function.render (C:\Users\Lenovo\Desktop\P_SAREE SOUL\node_modules\express\lib\application.js:562:17)
    at ServerResponse.render (C:\Users\Lenovo\Desktop\P_SAREE SOUL\node_modules\express\lib\response.js:909:7)
    at errorHandler (file:///C:/Users/Lenovo/Desktop/P_SAREE%20SOUL/middlewares/errorHandler.js:22:28)
    at Layer.handleError (C:\Users\Lenovo\Desktop\P_SAREE SOUL\node_modules\router\lib\layer.js:116:17)
    at trimPrefix (C:\Users\Lenovo\Desktop\P_SAREE SOUL\node_modules\router\index.js:340:13)
    at C:\Users\Lenovo\Desktop\P_SAREE SOUL\node_modules\router\index.js:297:9
    at processParams (C:\Users\Lenovo\Desktop\P_SAREE SOUL\node_modules\router\index.js:582:12)
    at next (C:\Users\Lenovo\Desktop\P_SAREE SOUL\node_modules\router\index.js:291:5)
    at notFoundHandler (file:///C:/Users/Lenovo/Desktop/P_SAREE%20SOUL/middlewares/errorHandler.js:5:5)
    at Layer.handleRequest (C:\Users\Lenovo\Desktop\P_SAREE SOUL\node_modules\router\lib\layer.js:152:17)
    at trimPrefix (C:\Users\Lenovo\Desktop\P_SAREE SOUL\node_modules\router\index.js:342:13)
    at C:\Users\Lenovo\Desktop\P_SAREE SOUL\node_modules\router\index.js:297:9
    at processParams (C:\Users\Lenovo\Desktop\P_SAREE SOUL\node_modules\router\index.js:582:12)
    at Immediate.next (C:\Users\Lenovo\Desktop\P_SAREE SOUL\node_modules\router\index.js:291:5)
    at Immediate.<anonymous> (C:\Users\Lenovo\Desktop\P_SAREE SOUL\node_modules\router\index.js:688:15)
    at process.processImmediate (node:internal/timers:493:21)
2025-11-17 10:56:30 [ERROR]: Error: Not found -/admin/assets/js/bootstrap.bundle.min.js
2025-11-17 10:56:30 [ERROR]: Error: Failed to lookup view "error" in views directories "C:\Users\Lenovo\Desktop\P_SAREE SOUL\views\user" or "C:\Users\Lenovo\Desktop\P_SAREE SOUL\views\admin"
    at Function.render (C:\Users\Lenovo\Desktop\P_SAREE SOUL\node_modules\express\lib\application.js:562:17)
    at ServerResponse.render (C:\Users\Lenovo\Desktop\P_SAREE SOUL\node_modules\express\lib\response.js:909:7)
    at errorHandler (file:///C:/Users/Lenovo/Desktop/P_SAREE%20SOUL/middlewares/errorHandler.js:22:28)
    at Layer.handleError (C:\Users\Lenovo\Desktop\P_SAREE SOUL\node_modules\router\lib\layer.js:116:17)
    at trimPrefix (C:\Users\Lenovo\Desktop\P_SAREE SOUL\node_modules\router\index.js:340:13)
    at C:\Users\Lenovo\Desktop\P_SAREE SOUL\node_modules\router\index.js:297:9
    at processParams (C:\Users\Lenovo\Desktop\P_SAREE SOUL\node_modules\router\index.js:582:12)
    at next (C:\Users\Lenovo\Desktop\P_SAREE SOUL\node_modules\router\index.js:291:5)
    at notFoundHandler (file:///C:/Users/Lenovo/Desktop/P_SAREE%20SOUL/middlewares/errorHandler.js:5:5)
    at Layer.handleRequest (C:\Users\Lenovo\Desktop\P_SAREE SOUL\node_modules\router\lib\layer.js:152:17)
    at trimPrefix (C:\Users\Lenovo\Desktop\P_SAREE SOUL\node_modules\router\index.js:342:13)
    at C:\Users\Lenovo\Desktop\P_SAREE SOUL\node_modules\router\index.js:297:9
    at processParams (C:\Users\Lenovo\Desktop\P_SAREE SOUL\node_modules\router\index.js:582:12)
    at Immediate.next (C:\Users\Lenovo\Desktop\P_SAREE SOUL\node_modules\router\index.js:291:5)
    at Immediate.<anonymous> (C:\Users\Lenovo\Desktop\P_SAREE SOUL\node_modules\router\index.js:688:15)
    at process.processImmediate (node:internal/timers:493:21)
2025-11-17 10:56:35 [ERROR]: Error: Not found -/admin/users1
2025-11-17 10:56:35 [ERROR]: Error: Failed to lookup view "error" in views directories "C:\Users\Lenovo\Desktop\P_SAREE SOUL\views\user" or "C:\Users\Lenovo\Desktop\P_SAREE SOUL\views\admin"
    at Function.render (C:\Users\Lenovo\Desktop\P_SAREE SOUL\node_modules\express\lib\application.js:562:17)
    at ServerResponse.render (C:\Users\Lenovo\Desktop\P_SAREE SOUL\node_modules\express\lib\response.js:909:7)
    at errorHandler (file:///C:/Users/Lenovo/Desktop/P_SAREE%20SOUL/middlewares/errorHandler.js:22:28)
    at Layer.handleError (C:\Users\Lenovo\Desktop\P_SAREE SOUL\node_modules\router\lib\layer.js:116:17)
    at trimPrefix (C:\Users\Lenovo\Desktop\P_SAREE SOUL\node_modules\router\index.js:340:13)
    at C:\Users\Lenovo\Desktop\P_SAREE SOUL\node_modules\router\index.js:297:9
    at processParams (C:\Users\Lenovo\Desktop\P_SAREE SOUL\node_modules\router\index.js:582:12)
    at next (C:\Users\Lenovo\Desktop\P_SAREE SOUL\node_modules\router\index.js:291:5)
    at notFoundHandler (file:///C:/Users/Lenovo/Desktop/P_SAREE%20SOUL/middlewares/errorHandler.js:5:5)
    at Layer.handleRequest (C:\Users\Lenovo\Desktop\P_SAREE SOUL\node_modules\router\lib\layer.js:152:17)
    at trimPrefix (C:\Users\Lenovo\Desktop\P_SAREE SOUL\node_modules\router\index.js:342:13)
    at C:\Users\Lenovo\Desktop\P_SAREE SOUL\node_modules\router\index.js:297:9
    at processParams (C:\Users\Lenovo\Desktop\P_SAREE SOUL\node_modules\router\index.js:582:12)
    at Immediate.next (C:\Users\Lenovo\Desktop\P_SAREE SOUL\node_modules\router\index.js:291:5)
    at Immediate.<anonymous> (C:\Users\Lenovo\Desktop\P_SAREE SOUL\node_modules\router\index.js:688:15)
    at process.processImmediate (node:internal/timers:493:21)
2025-11-17 10:56:53 [ERROR]: Error: Not found -/admin/assets/js/bootstrap.bundle.min.js
2025-11-17 10:56:53 [ERROR]: Error: Failed to lookup view "error" in views directories "C:\Users\Lenovo\Desktop\P_SAREE SOUL\views\user" or "C:\Users\Lenovo\Desktop\P_SAREE SOUL\views\admin"
    at Function.render (C:\Users\Lenovo\Desktop\P_SAREE SOUL\node_modules\express\lib\application.js:562:17)
    at ServerResponse.render (C:\Users\Lenovo\Desktop\P_SAREE SOUL\node_modules\express\lib\response.js:909:7)
    at errorHandler (file:///C:/Users/Lenovo/Desktop/P_SAREE%20SOUL/middlewares/errorHandler.js:22:28)
    at Layer.handleError (C:\Users\Lenovo\Desktop\P_SAREE SOUL\node_modules\router\lib\layer.js:116:17)
    at trimPrefix (C:\Users\Lenovo\Desktop\P_SAREE SOUL\node_modules\router\index.js:340:13)
    at C:\Users\Lenovo\Desktop\P_SAREE SOUL\node_modules\router\index.js:297:9
    at processParams (C:\Users\Lenovo\Desktop\P_SAREE SOUL\node_modules\router\index.js:582:12)
    at next (C:\Users\Lenovo\Desktop\P_SAREE SOUL\node_modules\router\index.js:291:5)
    at notFoundHandler (file:///C:/Users/Lenovo/Desktop/P_SAREE%20SOUL/middlewares/errorHandler.js:5:5)
    at Layer.handleRequest (C:\Users\Lenovo\Desktop\P_SAREE SOUL\node_modules\router\lib\layer.js:152:17)
    at trimPrefix (C:\Users\Lenovo\Desktop\P_SAREE SOUL\node_modules\router\index.js:342:13)
    at C:\Users\Lenovo\Desktop\P_SAREE SOUL\node_modules\router\index.js:297:9
    at processParams (C:\Users\Lenovo\Desktop\P_SAREE SOUL\node_modules\router\index.js:582:12)
    at Immediate.next (C:\Users\Lenovo\Desktop\P_SAREE SOUL\node_modules\router\index.js:291:5)
    at Immediate.<anonymous> (C:\Users\Lenovo\Desktop\P_SAREE SOUL\node_modules\router\index.js:688:15)
    at process.processImmediate (node:internal/timers:493:21)
2025-11-17 12:13:46 [ERROR]: (node:32548) [DEP0044] DeprecationWarning: The `util.isArray` API is deprecated. Please use `Array.isArray()` instead.
(Use `node --trace-deprecation ...` to show where the warning was created)
2025-11-17 20:11:40 [ERROR]: Error: Not found -/admin/assets/js/bootstrap.bundle.min.js
2025-11-17 20:11:40 [ERROR]: Error: Failed to lookup view "error" in views directories "C:\Users\Lenovo\Desktop\P_SAREE SOUL\views\user" or "C:\Users\Lenovo\Desktop\P_SAREE SOUL\views\admin"
    at Function.render (C:\Users\Lenovo\Desktop\P_SAREE SOUL\node_modules\express\lib\application.js:562:17)
    at ServerResponse.render (C:\Users\Lenovo\Desktop\P_SAREE SOUL\node_modules\express\lib\response.js:909:7)
    at errorHandler (file:///C:/Users/Lenovo/Desktop/P_SAREE%20SOUL/middlewares/errorHandler.js:22:28)
    at Layer.handleError (C:\Users\Lenovo\Desktop\P_SAREE SOUL\node_modules\router\lib\layer.js:116:17)
    at trimPrefix (C:\Users\Lenovo\Desktop\P_SAREE SOUL\node_modules\router\index.js:340:13)
    at C:\Users\Lenovo\Desktop\P_SAREE SOUL\node_modules\router\index.js:297:9
    at processParams (C:\Users\Lenovo\Desktop\P_SAREE SOUL\node_modules\router\index.js:582:12)
    at next (C:\Users\Lenovo\Desktop\P_SAREE SOUL\node_modules\router\index.js:291:5)
    at notFoundHandler (file:///C:/Users/Lenovo/Desktop/P_SAREE%20SOUL/middlewares/errorHandler.js:5:5)
    at Layer.handleRequest (C:\Users\Lenovo\Desktop\P_SAREE SOUL\node_modules\router\lib\layer.js:152:17)
    at trimPrefix (C:\Users\Lenovo\Desktop\P_SAREE SOUL\node_modules\router\index.js:342:13)
    at C:\Users\Lenovo\Desktop\P_SAREE SOUL\node_modules\router\index.js:297:9
    at processParams (C:\Users\Lenovo\Desktop\P_SAREE SOUL\node_modules\router\index.js:582:12)
    at Immediate.next (C:\Users\Lenovo\Desktop\P_SAREE SOUL\node_modules\router\index.js:291:5)
    at Immediate.<anonymous> (C:\Users\Lenovo\Desktop\P_SAREE SOUL\node_modules\router\index.js:688:15)
    at process.processImmediate (node:internal/timers:493:21)
2025-11-17 20:11:44 [ERROR]: Error: Not found -/admin/user/assets/imgs/people/avatar4.jpg
2025-11-17 20:11:44 [ERROR]: Error: Failed to lookup view "error" in views directories "C:\Users\Lenovo\Desktop\P_SAREE SOUL\views\user" or "C:\Users\Lenovo\Desktop\P_SAREE SOUL\views\admin"
    at Function.render (C:\Users\Lenovo\Desktop\P_SAREE SOUL\node_modules\express\lib\application.js:562:17)
    at ServerResponse.render (C:\Users\Lenovo\Desktop\P_SAREE SOUL\node_modules\express\lib\response.js:909:7)
    at errorHandler (file:///C:/Users/Lenovo/Desktop/P_SAREE%20SOUL/middlewares/errorHandler.js:22:28)
    at Layer.handleError (C:\Users\Lenovo\Desktop\P_SAREE SOUL\node_modules\router\lib\layer.js:116:17)
    at trimPrefix (C:\Users\Lenovo\Desktop\P_SAREE SOUL\node_modules\router\index.js:340:13)
    at C:\Users\Lenovo\Desktop\P_SAREE SOUL\node_modules\router\index.js:297:9
    at processParams (C:\Users\Lenovo\Desktop\P_SAREE SOUL\node_modules\router\index.js:582:12)
    at next (C:\Users\Lenovo\Desktop\P_SAREE SOUL\node_modules\router\index.js:291:5)
    at notFoundHandler (file:///C:/Users/Lenovo/Desktop/P_SAREE%20SOUL/middlewares/errorHandler.js:5:5)
    at Layer.handleRequest (C:\Users\Lenovo\Desktop\P_SAREE SOUL\node_modules\router\lib\layer.js:152:17)
    at trimPrefix (C:\Users\Lenovo\Desktop\P_SAREE SOUL\node_modules\router\index.js:342:13)
    at C:\Users\Lenovo\Desktop\P_SAREE SOUL\node_modules\router\index.js:297:9
    at processParams (C:\Users\Lenovo\Desktop\P_SAREE SOUL\node_modules\router\index.js:582:12)
    at Immediate.next (C:\Users\Lenovo\Desktop\P_SAREE SOUL\node_modules\router\index.js:291:5)
    at Immediate.<anonymous> (C:\Users\Lenovo\Desktop\P_SAREE SOUL\node_modules\router\index.js:688:15)
    at process.processImmediate (node:internal/timers:493:21)
2025-11-17 20:11:45 [ERROR]: Error: Not found -/admin/assets/js/bootstrap.bundle.min.js
2025-11-17 20:11:45 [ERROR]: Error: Failed to lookup view "error" in views directories "C:\Users\Lenovo\Desktop\P_SAREE SOUL\views\user" or "C:\Users\Lenovo\Desktop\P_SAREE SOUL\views\admin"
    at Function.render (C:\Users\Lenovo\Desktop\P_SAREE SOUL\node_modules\express\lib\application.js:562:17)
    at ServerResponse.render (C:\Users\Lenovo\Desktop\P_SAREE SOUL\node_modules\express\lib\response.js:909:7)
    at errorHandler (file:///C:/Users/Lenovo/Desktop/P_SAREE%20SOUL/middlewares/errorHandler.js:22:28)
    at Layer.handleError (C:\Users\Lenovo\Desktop\P_SAREE SOUL\node_modules\router\lib\layer.js:116:17)
    at trimPrefix (C:\Users\Lenovo\Desktop\P_SAREE SOUL\node_modules\router\index.js:340:13)
    at C:\Users\Lenovo\Desktop\P_SAREE SOUL\node_modules\router\index.js:297:9
    at processParams (C:\Users\Lenovo\Desktop\P_SAREE SOUL\node_modules\router\index.js:582:12)
    at next (C:\Users\Lenovo\Desktop\P_SAREE SOUL\node_modules\router\index.js:291:5)
    at notFoundHandler (file:///C:/Users/Lenovo/Desktop/P_SAREE%20SOUL/middlewares/errorHandler.js:5:5)
    at Layer.handleRequest (C:\Users\Lenovo\Desktop\P_SAREE SOUL\node_modules\router\lib\layer.js:152:17)
    at trimPrefix (C:\Users\Lenovo\Desktop\P_SAREE SOUL\node_modules\router\index.js:342:13)
    at C:\Users\Lenovo\Desktop\P_SAREE SOUL\node_modules\router\index.js:297:9
    at processParams (C:\Users\Lenovo\Desktop\P_SAREE SOUL\node_modules\router\index.js:582:12)
    at Immediate.next (C:\Users\Lenovo\Desktop\P_SAREE SOUL\node_modules\router\index.js:291:5)
    at Immediate.<anonymous> (C:\Users\Lenovo\Desktop\P_SAREE SOUL\node_modules\router\index.js:688:15)
    at process.processImmediate (node:internal/timers:493:21)
2025-11-17 20:11:47 [ERROR]: Error: Not found -/admin/assets/js/bootstrap.bundle.min.js
2025-11-17 20:11:47 [ERROR]: Error: Failed to lookup view "error" in views directories "C:\Users\Lenovo\Desktop\P_SAREE SOUL\views\user" or "C:\Users\Lenovo\Desktop\P_SAREE SOUL\views\admin"
    at Function.render (C:\Users\Lenovo\Desktop\P_SAREE SOUL\node_modules\express\lib\application.js:562:17)
    at ServerResponse.render (C:\Users\Lenovo\Desktop\P_SAREE SOUL\node_modules\express\lib\response.js:909:7)
    at errorHandler (file:///C:/Users/Lenovo/Desktop/P_SAREE%20SOUL/middlewares/errorHandler.js:22:28)
    at Layer.handleError (C:\Users\Lenovo\Desktop\P_SAREE SOUL\node_modules\router\lib\layer.js:116:17)
    at trimPrefix (C:\Users\Lenovo\Desktop\P_SAREE SOUL\node_modules\router\index.js:340:13)
    at C:\Users\Lenovo\Desktop\P_SAREE SOUL\node_modules\router\index.js:297:9
    at processParams (C:\Users\Lenovo\Desktop\P_SAREE SOUL\node_modules\router\index.js:582:12)
    at next (C:\Users\Lenovo\Desktop\P_SAREE SOUL\node_modules\router\index.js:291:5)
    at notFoundHandler (file:///C:/Users/Lenovo/Desktop/P_SAREE%20SOUL/middlewares/errorHandler.js:5:5)
    at Layer.handleRequest (C:\Users\Lenovo\Desktop\P_SAREE SOUL\node_modules\router\lib\layer.js:152:17)
    at trimPrefix (C:\Users\Lenovo\Desktop\P_SAREE SOUL\node_modules\router\index.js:342:13)
    at C:\Users\Lenovo\Desktop\P_SAREE SOUL\node_modules\router\index.js:297:9
    at processParams (C:\Users\Lenovo\Desktop\P_SAREE SOUL\node_modules\router\index.js:582:12)
    at Immediate.next (C:\Users\Lenovo\Desktop\P_SAREE SOUL\node_modules\router\index.js:291:5)
    at Immediate.<anonymous> (C:\Users\Lenovo\Desktop\P_SAREE SOUL\node_modules\router\index.js:688:15)
    at process.processImmediate (node:internal/timers:493:21)
2025-11-21 12:45:01 [ERROR]: Error: Not found -/admin/user/assets/imgs/people/avatar4.jpg
2025-11-21 12:45:01 [ERROR]: Error: Failed to lookup view "error" in views directories "C:\Users\Lenovo\Desktop\P_SAREE SOUL\views\user" or "C:\Users\Lenovo\Desktop\P_SAREE SOUL\views\admin"
    at Function.render (C:\Users\Lenovo\Desktop\P_SAREE SOUL\node_modules\express\lib\application.js:562:17)
    at ServerResponse.render (C:\Users\Lenovo\Desktop\P_SAREE SOUL\node_modules\express\lib\response.js:909:7)
    at errorHandler (file:///C:/Users/Lenovo/Desktop/P_SAREE%20SOUL/middlewares/errorHandler.js:22:28)
    at Layer.handleError (C:\Users\Lenovo\Desktop\P_SAREE SOUL\node_modules\router\lib\layer.js:116:17)
    at trimPrefix (C:\Users\Lenovo\Desktop\P_SAREE SOUL\node_modules\router\index.js:340:13)
    at C:\Users\Lenovo\Desktop\P_SAREE SOUL\node_modules\router\index.js:297:9
    at processParams (C:\Users\Lenovo\Desktop\P_SAREE SOUL\node_modules\router\index.js:582:12)
    at next (C:\Users\Lenovo\Desktop\P_SAREE SOUL\node_modules\router\index.js:291:5)
    at notFoundHandler (file:///C:/Users/Lenovo/Desktop/P_SAREE%20SOUL/middlewares/errorHandler.js:5:5)
    at Layer.handleRequest (C:\Users\Lenovo\Desktop\P_SAREE SOUL\node_modules\router\lib\layer.js:152:17)
    at trimPrefix (C:\Users\Lenovo\Desktop\P_SAREE SOUL\node_modules\router\index.js:342:13)
    at C:\Users\Lenovo\Desktop\P_SAREE SOUL\node_modules\router\index.js:297:9
    at processParams (C:\Users\Lenovo\Desktop\P_SAREE SOUL\node_modules\router\index.js:582:12)
    at Immediate.next (C:\Users\Lenovo\Desktop\P_SAREE SOUL\node_modules\router\index.js:291:5)
    at Immediate.<anonymous> (C:\Users\Lenovo\Desktop\P_SAREE SOUL\node_modules\router\index.js:688:15)
    at process.processImmediate (node:internal/timers:493:21)
2025-11-21 12:47:08 [ERROR]: Error: Not found -/admin/user/assets/imgs/people/avatar4.jpg
2025-11-21 12:47:08 [ERROR]: Error: Failed to lookup view "error" in views directories "C:\Users\Lenovo\Desktop\P_SAREE SOUL\views\user" or "C:\Users\Lenovo\Desktop\P_SAREE SOUL\views\admin"
    at Function.render (C:\Users\Lenovo\Desktop\P_SAREE SOUL\node_modules\express\lib\application.js:562:17)
    at ServerResponse.render (C:\Users\Lenovo\Desktop\P_SAREE SOUL\node_modules\express\lib\response.js:909:7)
    at errorHandler (file:///C:/Users/Lenovo/Desktop/P_SAREE%20SOUL/middlewares/errorHandler.js:22:28)
    at Layer.handleError (C:\Users\Lenovo\Desktop\P_SAREE SOUL\node_modules\router\lib\layer.js:116:17)
    at trimPrefix (C:\Users\Lenovo\Desktop\P_SAREE SOUL\node_modules\router\index.js:340:13)
    at C:\Users\Lenovo\Desktop\P_SAREE SOUL\node_modules\router\index.js:297:9
    at processParams (C:\Users\Lenovo\Desktop\P_SAREE SOUL\node_modules\router\index.js:582:12)
    at next (C:\Users\Lenovo\Desktop\P_SAREE SOUL\node_modules\router\index.js:291:5)
    at notFoundHandler (file:///C:/Users/Lenovo/Desktop/P_SAREE%20SOUL/middlewares/errorHandler.js:5:5)
    at Layer.handleRequest (C:\Users\Lenovo\Desktop\P_SAREE SOUL\node_modules\router\lib\layer.js:152:17)
    at trimPrefix (C:\Users\Lenovo\Desktop\P_SAREE SOUL\node_modules\router\index.js:342:13)
    at C:\Users\Lenovo\Desktop\P_SAREE SOUL\node_modules\router\index.js:297:9
    at processParams (C:\Users\Lenovo\Desktop\P_SAREE SOUL\node_modules\router\index.js:582:12)
    at Immediate.next (C:\Users\Lenovo\Desktop\P_SAREE SOUL\node_modules\router\index.js:291:5)
    at Immediate.<anonymous> (C:\Users\Lenovo\Desktop\P_SAREE SOUL\node_modules\router\index.js:688:15)
    at process.processImmediate (node:internal/timers:493:21)
2025-11-21 12:56:42 [ERROR]: Error: Not found -/admin/user/assets/imgs/people/avatar4.jpg
2025-11-21 13:12:49 [ERROR]: Error: C:\Users\Lenovo\Desktop\P_SAREE SOUL\views\admin\dashboard.ejs:81
    79|           <form action="/admin/dashboard" method="GET">
    80|             <select name="filter" class="form-select filter-dropdown" onchange="this.form.submit()">
 >> 81|               <option value="daily" <%= filter === 'daily' ? 'selected' : '' %>>Daily</option>
    82|               <option value="weekly" <%= filter === 'weekly' ? 'selected' : '' %>>Weekly</option>
    83|               <option value="monthly" <%= filter === 'monthly' ? 'selected' : '' %>>Monthly</option>
    84|               <option value="yearly" <%= filter === 'yearly' ? 'selected' : '' %>>Yearly</option>

filter is not defined
2025-11-21 13:15:48 [ERROR]: Error: C:\Users\Lenovo\Desktop\P_SAREE SOUL\views\admin\dashboard.ejs:81
    79|           <form action="/admin/dashboard" method="GET">
    80|             <select name="filter" class="form-select filter-dropdown" onchange="this.form.submit()">
 >> 81|               <option value="daily" <%= filter === 'daily' ? 'selected' : '' %>>Daily</option>
    82|               <option value="weekly" <%= filter === 'weekly' ? 'selected' : '' %>>Weekly</option>
    83|               <option value="monthly" <%= filter === 'monthly' ? 'selected' : '' %>>Monthly</option>
    84|               <option value="yearly" <%= filter === 'yearly' ? 'selected' : '' %>>Yearly</option>

filter is not defined
2025-11-21 13:24:25 [ERROR]: Error: C:\Users\Lenovo\Desktop\P_SAREE SOUL\views\admin\dashboard.ejs:81
    79|           <form action="/admin/dashboard" method="GET">
    80|             <select name="filter" class="form-select filter-dropdown" onchange="this.form.submit()">
 >> 81|               <option value="daily" <%= filter === 'daily' ? 'selected' : '' %>>Daily</option>
    82|               <option value="weekly" <%= filter === 'weekly' ? 'selected' : '' %>>Weekly</option>
    83|               <option value="monthly" <%= filter === 'monthly' ? 'selected' : '' %>>Monthly</option>
    84|               <option value="yearly" <%= filter === 'yearly' ? 'selected' : '' %>>Yearly</option>

filter is not defined
2025-11-21 13:24:31 [ERROR]: Error: C:\Users\Lenovo\Desktop\P_SAREE SOUL\views\admin\dashboard.ejs:81
    79|           <form action="/admin/dashboard" method="GET">
    80|             <select name="filter" class="form-select filter-dropdown" onchange="this.form.submit()">
 >> 81|               <option value="daily" <%= filter === 'daily' ? 'selected' : '' %>>Daily</option>
    82|               <option value="weekly" <%= filter === 'weekly' ? 'selected' : '' %>>Weekly</option>
    83|               <option value="monthly" <%= filter === 'monthly' ? 'selected' : '' %>>Monthly</option>
    84|               <option value="yearly" <%= filter === 'yearly' ? 'selected' : '' %>>Yearly</option>

filter is not defined
2025-11-21 13:24:35 [ERROR]: Error: C:\Users\Lenovo\Desktop\P_SAREE SOUL\views\admin\dashboard.ejs:81
    79|           <form action="/admin/dashboard" method="GET">
    80|             <select name="filter" class="form-select filter-dropdown" onchange="this.form.submit()">
 >> 81|               <option value="daily" <%= filter === 'daily' ? 'selected' : '' %>>Daily</option>
    82|               <option value="weekly" <%= filter === 'weekly' ? 'selected' : '' %>>Weekly</option>
    83|               <option value="monthly" <%= filter === 'monthly' ? 'selected' : '' %>>Monthly</option>
    84|               <option value="yearly" <%= filter === 'yearly' ? 'selected' : '' %>>Yearly</option>

filter is not defined
2025-11-21 13:25:02 [ERROR]: Error: C:\Users\Lenovo\Desktop\P_SAREE SOUL\views\admin\dashboard.ejs:81
    79|           <form action="/admin/dashboard" method="GET">
    80|             <select name="filter" class="form-select filter-dropdown" onchange="this.form.submit()">
 >> 81|               <option value="daily" <%= filter === 'daily' ? 'selected' : '' %>>Daily</option>
    82|               <option value="weekly" <%= filter === 'weekly' ? 'selected' : '' %>>Weekly</option>
    83|               <option value="monthly" <%= filter === 'monthly' ? 'selected' : '' %>>Monthly</option>
    84|               <option value="yearly" <%= filter === 'yearly' ? 'selected' : '' %>>Yearly</option>

filter is not defined
2025-11-21 13:25:34 [ERROR]: Error: Not found -/admin/user/assets/imgs/people/avatar4.jpg
2025-11-21 13:25:57 [ERROR]: Error: Not found -/.well-known/appspecific/com.chrome.devtools.json
2025-11-21 13:25:59 [ERROR]: Error: Not found -/admin/assets/js/vendors/bootstrap.bundle.min.js.map
2025-11-21 13:25:59 [ERROR]: Error: Not found -/admin/assets/css/vendors/round.css.map
2025-11-21 13:26:41 [ERROR]: Error: C:\Users\Lenovo\Desktop\P_SAREE SOUL\views\admin\dashboard.ejs:81
    79|           <form action="/admin/dashboard" method="GET">
    80|             <select name="filter" class="form-select filter-dropdown" onchange="this.form.submit()">
 >> 81|               <option value="daily" <%= filter === 'daily' ? 'selected' : '' %>>Daily</option>
    82|               <option value="weekly" <%= filter === 'weekly' ? 'selected' : '' %>>Weekly</option>
    83|               <option value="monthly" <%= filter === 'monthly' ? 'selected' : '' %>>Monthly</option>
    84|               <option value="yearly" <%= filter === 'yearly' ? 'selected' : '' %>>Yearly</option>

filter is not defined
2025-11-21 13:35:34 [ERROR]: Error: C:\Users\Lenovo\Desktop\P_SAREE SOUL\views\admin\dashboard.ejs:81
    79|           <form action="/admin/dashboard" method="GET">
    80|             <select name="filter" class="form-select filter-dropdown" onchange="this.form.submit()">
 >> 81|               <option value="daily" <%= filter === 'daily' ? 'selected' : '' %>>Daily</option>
    82|               <option value="weekly" <%= filter === 'weekly' ? 'selected' : '' %>>Weekly</option>
    83|               <option value="monthly" <%= filter === 'monthly' ? 'selected' : '' %>>Monthly</option>
    84|               <option value="yearly" <%= filter === 'yearly' ? 'selected' : '' %>>Yearly</option>

filter is not defined
2025-11-21 13:37:17 [ERROR]: Error: C:\Users\Lenovo\Desktop\P_SAREE SOUL\views\admin\dashboard.ejs:81
    79|           <form action="/admin/dashboard" method="GET">
    80|             <select name="filter" class="form-select filter-dropdown" onchange="this.form.submit()">
 >> 81|               <option value="daily" <%= filter === 'daily' ? 'selected' : '' %>>Daily</option>
    82|               <option value="weekly" <%= filter === 'weekly' ? 'selected' : '' %>>Weekly</option>
    83|               <option value="monthly" <%= filter === 'monthly' ? 'selected' : '' %>>Monthly</option>
    84|               <option value="yearly" <%= filter === 'yearly' ? 'selected' : '' %>>Yearly</option>

filter is not defined
2025-11-21 13:38:39 [ERROR]: Error: C:\Users\Lenovo\Desktop\P_SAREE SOUL\views\admin\dashboard.ejs:81
    79|           <form action="/admin/dashboard" method="GET">
    80|             <select name="filter" class="form-select filter-dropdown" onchange="this.form.submit()">
 >> 81|               <option value="daily" <%= filter === 'daily' ? 'selected' : '' %>>Daily</option>
    82|               <option value="weekly" <%= filter === 'weekly' ? 'selected' : '' %>>Weekly</option>
    83|               <option value="monthly" <%= filter === 'monthly' ? 'selected' : '' %>>Monthly</option>
    84|               <option value="yearly" <%= filter === 'yearly' ? 'selected' : '' %>>Yearly</option>

filter is not defined
2025-11-21 13:42:08 [ERROR]: Error: C:\Users\Lenovo\Desktop\P_SAREE SOUL\views\admin\dashboard.ejs:81
    79|           <form action="/admin/dashboard" method="GET">
    80|             <select name="filter" class="form-select filter-dropdown" onchange="this.form.submit()">
 >> 81|               <option value="daily" <%= filter === 'daily' ? 'selected' : '' %>>Daily</option>
    82|               <option value="weekly" <%= filter === 'weekly' ? 'selected' : '' %>>Weekly</option>
    83|               <option value="monthly" <%= filter === 'monthly' ? 'selected' : '' %>>Monthly</option>
    84|               <option value="yearly" <%= filter === 'yearly' ? 'selected' : '' %>>Yearly</option>

filter is not defined
2025-11-21 13:46:59 [ERROR]: Error: C:\Users\Lenovo\Desktop\P_SAREE SOUL\views\admin\dashboard.ejs:81
    79|           <form action="/admin/dashboard" method="GET">
    80|             <select name="filter" class="form-select filter-dropdown" onchange="this.form.submit()">
 >> 81|               <option value="daily" <%= filter === 'daily' ? 'selected' : '' %>>Daily</option>
    82|               <option value="weekly" <%= filter === 'weekly' ? 'selected' : '' %>>Weekly</option>
    83|               <option value="monthly" <%= filter === 'monthly' ? 'selected' : '' %>>Monthly</option>
    84|               <option value="yearly" <%= filter === 'yearly' ? 'selected' : '' %>>Yearly</option>

filter is not defined
2025-11-21 14:21:01 [ERROR]: Error: C:\Users\Lenovo\Desktop\P_SAREE SOUL\views\admin\dashboard.ejs:81
    79|           <form action="/admin/dashboard" method="GET">
    80|             <select name="filter" class="form-select filter-dropdown" onchange="this.form.submit()">
 >> 81|               <option value="daily" <%= filter === 'daily' ? 'selected' : '' %>>Daily</option>
    82|               <option value="weekly" <%= filter === 'weekly' ? 'selected' : '' %>>Weekly</option>
    83|               <option value="monthly" <%= filter === 'monthly' ? 'selected' : '' %>>Monthly</option>
    84|               <option value="yearly" <%= filter === 'yearly' ? 'selected' : '' %>>Yearly</option>

filter is not defined
2025-11-21 15:35:06 [ERROR]: Error: C:\Users\Lenovo\Desktop\P_SAREE SOUL\views\admin\dashboard.ejs:81
    79|           <form action="/admin/dashboard" method="GET">
    80|             <select name="filter" class="form-select filter-dropdown" onchange="this.form.submit()">
 >> 81|               <option value="daily" <%= filter === 'daily' ? 'selected' : '' %>>Daily</option>
    82|               <option value="weekly" <%= filter === 'weekly' ? 'selected' : '' %>>Weekly</option>
    83|               <option value="monthly" <%= filter === 'monthly' ? 'selected' : '' %>>Monthly</option>
    84|               <option value="yearly" <%= filter === 'yearly' ? 'selected' : '' %>>Yearly</option>

filter is not defined
2025-11-21 15:36:39 [ERROR]: Error: C:\Users\Lenovo\Desktop\P_SAREE SOUL\views\admin\dashboard.ejs:81
    79|           <form action="/admin/dashboard" method="GET">
    80|             <select name="filter" class="form-select filter-dropdown" onchange="this.form.submit()">
 >> 81|               <option value="daily" <%= filter === 'daily' ? 'selected' : '' %>>Daily</option>
    82|               <option value="weekly" <%= filter === 'weekly' ? 'selected' : '' %>>Weekly</option>
    83|               <option value="monthly" <%= filter === 'monthly' ? 'selected' : '' %>>Monthly</option>
    84|               <option value="yearly" <%= filter === 'yearly' ? 'selected' : '' %>>Yearly</option>

filter is not defined
2025-11-21 15:46:42 [ERROR]: Error: C:\Users\Lenovo\Desktop\P_SAREE SOUL\views\admin\dashboard.ejs:99
    97|               <h6>Total Revenue</h6>
    98|             </div>
 >> 99|             <div class="stat-value"><%= totalRevenue.toLocaleString('en-IN') %></div>
    100|             <div class="stat-change <%= revenueChange >= 0 ? 'positive' : 'negative' %>">
    101|               <i class="fas fa-arrow-<%= revenueChange >= 0 ? 'up' : 'down' %>"></i>
    102|               <%= Math.abs(revenueChange) %>%

totalRevenue is not defined
2025-11-21 15:51:06 [ERROR]: Error: C:\Users\Lenovo\Desktop\P_SAREE SOUL\views\admin\dashboard.ejs:99
    97|               <h6>Total Revenue</h6>
    98|             </div>
 >> 99|             <div class="stat-value"><%= totalRevenue.toLocaleString('en-IN') %></div>
    100|             <div class="stat-change <%= revenueChange >= 0 ? 'positive' : 'negative' %>">
    101|               <i class="fas fa-arrow-<%= revenueChange >= 0 ? 'up' : 'down' %>"></i>
    102|               <%= Math.abs(revenueChange) %>%

totalRevenue is not defined
2025-11-21 16:03:14 [ERROR]: Error: C:\Users\Lenovo\Desktop\P_SAREE SOUL\views\admin\dashboard.ejs:99
    97|               <h6>Total Revenue</h6>
    98|             </div>
 >> 99|             <div class="stat-value"><%= totalRevenue.toLocaleString('en-IN') %></div>
    100|             <div class="stat-change <%= revenueChange >= 0 ? 'positive' : 'negative' %>">
    101|               <i class="fas fa-arrow-<%= revenueChange >= 0 ? 'up' : 'down' %>"></i>
    102|               <%= Math.abs(revenueChange) %>%

totalRevenue is not defined
2025-11-21 16:05:09 [ERROR]: Error: C:\Users\Lenovo\Desktop\P_SAREE SOUL\views\admin\dashboard.ejs:99
    97|               <h6>Total Revenue</h6>
    98|             </div>
 >> 99|             <div class="stat-value"><%= totalRevenue.toLocaleString('en-IN') %></div>
    100|             <div class="stat-change <%= revenueChange >= 0 ? 'positive' : 'negative' %>">
    101|               <i class="fas fa-arrow-<%= revenueChange >= 0 ? 'up' : 'down' %>"></i>
    102|               <%= Math.abs(revenueChange) %>%

totalRevenue is not defined
2025-11-21 16:06:19 [ERROR]: Error: C:\Users\Lenovo\Desktop\P_SAREE SOUL\views\admin\dashboard.ejs:99
    97|               <h6>Total Revenue</h6>
    98|             </div>
 >> 99|             <div class="stat-value"><%= totalRevenue.toLocaleString('en-IN') %></div>
    100|             <div class="stat-change <%= revenueChange >= 0 ? 'positive' : 'negative' %>">
    101|               <i class="fas fa-arrow-<%= revenueChange >= 0 ? 'up' : 'down' %>"></i>
    102|               <%= Math.abs(revenueChange) %>%

totalRevenue is not defined
2025-11-21 16:13:36 [ERROR]: Error: C:\Users\Lenovo\Desktop\P_SAREE SOUL\views\admin\dashboard.ejs:99
    97|               <h6>Total Revenue</h6>
    98|             </div>
 >> 99|             <div class="stat-value"><%= totalRevenue.toLocaleString('en-IN') %></div>
    100|             <div class="stat-change <%= revenueChange >= 0 ? 'positive' : 'negative' %>">
    101|               <i class="fas fa-arrow-<%= revenueChange >= 0 ? 'up' : 'down' %>"></i>
    102|               <%= Math.abs(revenueChange) %>%

totalRevenue is not defined
2025-11-21 16:13:38 [ERROR]: Error: C:\Users\Lenovo\Desktop\P_SAREE SOUL\views\admin\dashboard.ejs:99
    97|               <h6>Total Revenue</h6>
    98|             </div>
 >> 99|             <div class="stat-value"><%= totalRevenue.toLocaleString('en-IN') %></div>
    100|             <div class="stat-change <%= revenueChange >= 0 ? 'positive' : 'negative' %>">
    101|               <i class="fas fa-arrow-<%= revenueChange >= 0 ? 'up' : 'down' %>"></i>
    102|               <%= Math.abs(revenueChange) %>%

totalRevenue is not defined
2025-11-21 16:14:45 [ERROR]: Error: C:\Users\Lenovo\Desktop\P_SAREE SOUL\views\admin\dashboard.ejs:99
    97|               <h6>Total Revenue</h6>
    98|             </div>
 >> 99|             <div class="stat-value"><%= totalRevenue.toLocaleString('en-IN') %></div>
    100|             <div class="stat-change <%= revenueChange >= 0 ? 'positive' : 'negative' %>">
    101|               <i class="fas fa-arrow-<%= revenueChange >= 0 ? 'up' : 'down' %>"></i>
    102|               <%= Math.abs(revenueChange) %>%

totalRevenue is not defined
2025-11-21 16:24:14 [ERROR]: Error: C:\Users\Lenovo\Desktop\P_SAREE SOUL\views\admin\dashboard.ejs:99
    97|               <h6>Total Revenue</h6>
    98|             </div>
 >> 99|             <div class="stat-value"><%= totalRevenue.toLocaleString('en-IN') %></div>
    100|             <div class="stat-change <%= revenueChange >= 0 ? 'positive' : 'negative' %>">
    101|               <i class="fas fa-arrow-<%= revenueChange >= 0 ? 'up' : 'down' %>"></i>
    102|               <%= Math.abs(revenueChange) %>%

totalRevenue is not defined
2025-11-21 16:24:22 [ERROR]: Error: Not found -/admin/assets/js/bootstrap.bundle.min.js
2025-11-21 16:24:27 [ERROR]: Error: Not found -/admin/assets/js/bootstrap.bundle.min.js
2025-11-21 16:24:31 [ERROR]: Error: Not found -/admin/assets/js/bootstrap.bundle.min.js
2025-11-21 16:24:33 [ERROR]: Error: Not found -/admin/assets/js/bootstrap.bundle.min.js
2025-11-21 16:24:35 [ERROR]: Error: Not found -/admin/assets/js/bootstrap.bundle.min.js
2025-11-21 16:24:37 [ERROR]: Error: Not found -/admin/assets/js/bootstrap.bundle.min.js
2025-11-21 16:24:45 [ERROR]: Error: C:\Users\Lenovo\Desktop\P_SAREE SOUL\views\admin\dashboard.ejs:99
    97|               <h6>Total Revenue</h6>
    98|             </div>
 >> 99|             <div class="stat-value"><%= totalRevenue.toLocaleString('en-IN') %></div>
    100|             <div class="stat-change <%= revenueChange >= 0 ? 'positive' : 'negative' %>">
    101|               <i class="fas fa-arrow-<%= revenueChange >= 0 ? 'up' : 'down' %>"></i>
    102|               <%= Math.abs(revenueChange) %>%

totalRevenue is not defined
2025-11-21 18:26:02 [ERROR]: Error: Not found -/assets/imgs/theme/favicon.svg
2025-11-21 18:26:21 [ERROR]: Error: Not found -/favicon.ico
2025-11-21 18:28:16 [ERROR]: Error: Not found -/admin/assets/js/bootstrap.bundle.min.js
2025-11-21 18:28:22 [ERROR]: Error: Not found -/admin/assets/js/bootstrap.bundle.min.js
2025-11-21 18:28:25 [ERROR]: Error: Not found -/admin/assets/js/bootstrap.bundle.min.js
2025-11-21 18:28:27 [ERROR]: Error: Not found -/admin/assets/js/bootstrap.bundle.min.js
2025-11-21 18:28:30 [ERROR]: Error: Not found -/admin/assets/js/bootstrap.bundle.min.js
2025-11-21 18:28:33 [ERROR]: Error: Not found -/admin/assets/js/bootstrap.bundle.min.js
2025-11-21 18:28:38 [ERROR]: Error: Not found -/admin/assets/js/bootstrap.bundle.min.js
2025-11-21 18:34:27 [ERROR]: Error: C:\Users\Lenovo\Desktop\P_SAREE SOUL\views\admin\dashboard.ejs:99
    97|               <h6>Total Revenue</h6>
    98|             </div>
 >> 99|             <div class="stat-value"><%= totalRevenue.toLocaleString('en-IN') %></div>
    100|             <div class="stat-change <%= revenueChange >= 0 ? 'positive' : 'negative' %>">
    101|               <i class="fas fa-arrow-<%= revenueChange >= 0 ? 'up' : 'down' %>"></i>
    102|               <%= Math.abs(revenueChange) %>%

totalRevenue is not defined
2025-11-21 19:33:20 [ERROR]: Error: C:\Users\Lenovo\Desktop\P_SAREE SOUL\views\admin\dashboard.ejs:99
    97|               <h6>Total Revenue</h6>
    98|             </div>
 >> 99|             <div class="stat-value"><%= totalRevenue.toLocaleString('en-IN') %></div>
    100|             <div class="stat-change <%= revenueChange >= 0 ? 'positive' : 'negative' %>">
    101|               <i class="fas fa-arrow-<%= revenueChange >= 0 ? 'up' : 'down' %>"></i>
    102|               <%= Math.abs(revenueChange) %>%

totalRevenue is not defined
2025-11-21 19:38:46 [ERROR]: Error: C:\Users\Lenovo\Desktop\P_SAREE SOUL\views\admin\dashboard.ejs:99
    97|               <h6>Total Revenue</h6>
    98|             </div>
 >> 99|             <div class="stat-value"><%= totalRevenue.toLocaleString('en-IN') %></div>
    100|             <div class="stat-change <%= revenueChange >= 0 ? 'positive' : 'negative' %>">
    101|               <i class="fas fa-arrow-<%= revenueChange >= 0 ? 'up' : 'down' %>"></i>
    102|               <%= Math.abs(revenueChange) %>%

totalRevenue is not defined
2025-11-21 19:40:08 [ERROR]: Error: C:\Users\Lenovo\Desktop\P_SAREE SOUL\views\admin\dashboard.ejs:99
    97|               <h6>Total Revenue</h6>
    98|             </div>
 >> 99|             <div class="stat-value"><%= totalRevenue.toLocaleString('en-IN') %></div>
    100|             <div class="stat-change <%= revenueChange >= 0 ? 'positive' : 'negative' %>">
    101|               <i class="fas fa-arrow-<%= revenueChange >= 0 ? 'up' : 'down' %>"></i>
    102|               <%= Math.abs(revenueChange) %>%

totalRevenue is not defined
2025-11-21 19:53:21 [ERROR]: Error: C:\Users\Lenovo\Desktop\P_SAREE SOUL\views\admin\dashboard.ejs:99
    97|               <h6>Total Revenue</h6>
    98|             </div>
 >> 99|             <div class="stat-value"><%= totalRevenue.toLocaleString('en-IN') %></div>
    100|             <div class="stat-change <%= revenueChange >= 0 ? 'positive' : 'negative' %>">
    101|               <i class="fas fa-arrow-<%= revenueChange >= 0 ? 'up' : 'down' %>"></i>
    102|               <%= Math.abs(revenueChange) %>%

totalRevenue is not defined
2025-11-21 19:55:22 [ERROR]: Error: C:\Users\Lenovo\Desktop\P_SAREE SOUL\views\admin\dashboard.ejs:99
    97|               <h6>Total Revenue</h6>
    98|             </div>
 >> 99|             <div class="stat-value"><%= (totalRevenue || 0).toLocaleString('en-IN') %>
    100|             </div>
    101|             <div class="stat-change <%= (revenueChange || 0) >= 0 ? 'positive' : 'negative' %>">
    102|                 <i class="fas fa-arrow-<%= (revenueChange || 0) >= 0 ? 'up' : 'down' %>"></i>

totalRevenue is not defined
2025-11-21 19:55:26 [ERROR]: Error: C:\Users\Lenovo\Desktop\P_SAREE SOUL\views\admin\dashboard.ejs:99
    97|               <h6>Total Revenue</h6>
    98|             </div>
 >> 99|             <div class="stat-value"><%= (totalRevenue || 0).toLocaleString('en-IN') %>
    100|             </div>
    101|             <div class="stat-change <%= (revenueChange || 0) >= 0 ? 'positive' : 'negative' %>">
    102|                 <i class="fas fa-arrow-<%= (revenueChange || 0) >= 0 ? 'up' : 'down' %>"></i>

totalRevenue is not defined
2025-11-21 19:55:32 [ERROR]: Error: C:\Users\Lenovo\Desktop\P_SAREE SOUL\views\admin\dashboard.ejs:99
    97|               <h6>Total Revenue</h6>
    98|             </div>
 >> 99|             <div class="stat-value"><%= (totalRevenue || 0).toLocaleString('en-IN') %>
    100|             </div>
    101|             <div class="stat-change <%= (revenueChange || 0) >= 0 ? 'positive' : 'negative' %>">
    102|                 <i class="fas fa-arrow-<%= (revenueChange || 0) >= 0 ? 'up' : 'down' %>"></i>

totalRevenue is not defined
2025-11-21 19:55:57 [ERROR]: Error: C:\Users\Lenovo\Desktop\P_SAREE SOUL\views\admin\dashboard.ejs:99
    97|               <h6>Total Revenue</h6>
    98|             </div>
 >> 99|             <div class="stat-value"><%= (totalRevenue || 0).toLocaleString('en-IN') %>
    100|             </div>
    101|             <div class="stat-change <%= (revenueChange || 0) >= 0 ? 'positive' : 'negative' %>">
    102|                 <i class="fas fa-arrow-<%= (revenueChange || 0) >= 0 ? 'up' : 'down' %>"></i>

totalRevenue is not defined
2025-11-21 20:15:53 [ERROR]: Error: C:\Users\Lenovo\Desktop\P_SAREE SOUL\views\admin\dashboard.ejs:99
    97|               <h6>Total Revenue</h6>
    98|             </div>
 >> 99|             <div class="stat-value"><%= (totalRevenue || 0).toLocaleString('en-IN') %>
    100|             </div>
    101|             <div class="stat-change <%= (revenueChange || 0) >= 0 ? 'positive' : 'negative' %>">
    102|                 <i class="fas fa-arrow-<%= (revenueChange || 0) >= 0 ? 'up' : 'down' %>"></i>

totalRevenue is not defined
2025-11-21 20:22:33 [ERROR]: Error: Not found -/admin/assets/js/bootstrap.bundle.min.js
2025-11-21 20:29:22 [ERROR]: Error: C:\Users\Lenovo\Desktop\P_SAREE SOUL\views\admin\dashboard.ejs:99
    97|               <h6>Total Revenue</h6>
    98|             </div>
 >> 99|             <div class="stat-value"><%= (totalRevenue || 0).toLocaleString('en-IN') %>
    100|             </div>
    101|             <div class="stat-change <%= (revenueChange || 0) >= 0 ? 'positive' : 'negative' %>">
    102|                 <i class="fas fa-arrow-<%= (revenueChange || 0) >= 0 ? 'up' : 'down' %>"></i>

totalRevenue is not defined
2025-11-21 20:32:30 [ERROR]: Error: C:\Users\Lenovo\Desktop\P_SAREE SOUL\views\admin\dashboard.ejs:99
    97|               <h6>Total Revenue</h6>
    98|             </div>
 >> 99|             <div class="stat-value"><%= (totalRevenue || 0).toLocaleString('en-IN') %>
    100|             </div>
    101|             <div class="stat-change <%= (revenueChange || 0) >= 0 ? 'positive' : 'negative' %>">
    102|                 <i class="fas fa-arrow-<%= (revenueChange || 0) >= 0 ? 'up' : 'down' %>"></i>

totalRevenue is not defined
2025-11-21 20:33:29 [ERROR]: Error: C:\Users\Lenovo\Desktop\P_SAREE SOUL\views\admin\dashboard.ejs:99
    97|               <h6>Total Revenue</h6>
    98|             </div>
 >> 99|             <div class="stat-value"><%= (totalRevenue || 0).toLocaleString('en-IN') %>
    100|             </div>
    101|             <div class="stat-change <%= (revenueChange || 0) >= 0 ? 'positive' : 'negative' %>">
    102|                 <i class="fas fa-arrow-<%= (revenueChange || 0) >= 0 ? 'up' : 'down' %>"></i>

totalRevenue is not defined
2025-11-21 20:47:22 [ERROR]: Error: C:\Users\Lenovo\Desktop\P_SAREE SOUL\views\admin\dashboard.ejs:98
    96|               <h6>Total Revenue</h6>
    97|             </div>
 >> 98|             <div class="stat-value"><%= totalRevenue.toLocaleString('en-IN') %></div>
    99|             <div class="stat-change <%= revenueChange >= 0 ? 'positive' : 'negative' %>">
    100|               <i class="fas fa-arrow-<%= revenueChange >= 0 ? 'up' : 'down' %>"></i>
    101|               <%= Math.abs(revenueChange) %>%

totalRevenue is not defined
2025-11-21 20:47:27 [ERROR]: Error: C:\Users\Lenovo\Desktop\P_SAREE SOUL\views\admin\dashboard.ejs:98
    96|               <h6>Total Revenue</h6>
    97|             </div>
 >> 98|             <div class="stat-value"><%= totalRevenue.toLocaleString('en-IN') %></div>
    99|             <div class="stat-change <%= revenueChange >= 0 ? 'positive' : 'negative' %>">
    100|               <i class="fas fa-arrow-<%= revenueChange >= 0 ? 'up' : 'down' %>"></i>
    101|               <%= Math.abs(revenueChange) %>%

totalRevenue is not defined
2025-11-21 20:53:19 [ERROR]: Error: C:\Users\Lenovo\Desktop\P_SAREE SOUL\views\admin\dashboard.ejs:98
    96|               <h6>Total Revenue</h6>
    97|             </div>
 >> 98|             <div class="stat-value"><%= totalRevenue.toLocaleString('en-IN') %></div>
    99|             <div class="stat-change <%= revenueChange >= 0 ? 'positive' : 'negative' %>">
    100|               <i class="fas fa-arrow-<%= revenueChange >= 0 ? 'up' : 'down' %>"></i>
    101|               <%= Math.abs(revenueChange) %>%

totalRevenue is not defined
2025-11-21 20:53:29 [ERROR]: Error: C:\Users\Lenovo\Desktop\P_SAREE SOUL\views\admin\dashboard.ejs:98
    96|               <h6>Total Revenue</h6>
    97|             </div>
 >> 98|             <div class="stat-value"><%= totalRevenue.toLocaleString('en-IN') %></div>
    99|             <div class="stat-change <%= revenueChange >= 0 ? 'positive' : 'negative' %>">
    100|               <i class="fas fa-arrow-<%= revenueChange >= 0 ? 'up' : 'down' %>"></i>
    101|               <%= Math.abs(revenueChange) %>%

totalRevenue is not defined
2025-11-21 20:56:17 [ERROR]: ReferenceError: C:\Users\Lenovo\Desktop\P_SAREE SOUL\views\admin\dashboard.ejs:98
    96|               <h6>Total Revenue</h6>
    97|             </div>
 >> 98|             <div class="stat-value"><%= totalRevenue.toLocaleString('en-IN') %></div>
    99|             <div class="stat-change <%= revenueChange >= 0 ? 'positive' : 'negative' %>">
    100|               <i class="fas fa-arrow-<%= revenueChange >= 0 ? 'up' : 'down' %>"></i>
    101|               <%= Math.abs(revenueChange) %>%

totalRevenue is not defined
    at eval (eval at compile (C:\Users\Lenovo\Desktop\P_SAREE SOUL\node_modules\ejs\lib\ejs.js:673:12), <anonymous>:33:26)
    at dashboard (C:\Users\Lenovo\Desktop\P_SAREE SOUL\node_modules\ejs\lib\ejs.js:703:17)
    at tryHandleCache (C:\Users\Lenovo\Desktop\P_SAREE SOUL\node_modules\ejs\lib\ejs.js:274:36)
    at exports.renderFile [as engine] (C:\Users\Lenovo\Desktop\P_SAREE SOUL\node_modules\ejs\lib\ejs.js:491:10)
    at View.render (C:\Users\Lenovo\Desktop\P_SAREE SOUL\node_modules\express\lib\view.js:139:8)
    at tryRender (C:\Users\Lenovo\Desktop\P_SAREE SOUL\node_modules\express\lib\application.js:627:10)
    at Function.render (C:\Users\Lenovo\Desktop\P_SAREE SOUL\node_modules\express\lib\application.js:574:3)
    at ServerResponse.render (C:\Users\Lenovo\Desktop\P_SAREE SOUL\node_modules\express\lib\response.js:909:7)
    at getDashboard (file:///C:/Users/Lenovo/Desktop/P_SAREE%20SOUL/controllers/admin/authController.js:38:13)
    at Layer.handleRequest (C:\Users\Lenovo\Desktop\P_SAREE SOUL\node_modules\router\lib\layer.js:152:17)
    at next (C:\Users\Lenovo\Desktop\P_SAREE SOUL\node_modules\router\lib\route.js:157:13)
    at adminAuth (file:///C:/Users/Lenovo/Desktop/P_SAREE%20SOUL/middlewares/adminAuth.js:9:5)
    at Layer.handleRequest (C:\Users\Lenovo\Desktop\P_SAREE SOUL\node_modules\router\lib\layer.js:152:17)
    at next (C:\Users\Lenovo\Desktop\P_SAREE SOUL\node_modules\router\lib\route.js:157:13)
    at Route.dispatch (C:\Users\Lenovo\Desktop\P_SAREE SOUL\node_modules\router\lib\route.js:117:3)
    at handle (C:\Users\Lenovo\Desktop\P_SAREE SOUL\node_modules\router\index.js:435:11)
2025-11-21 21:03:35 [ERROR]: Error: C:\Users\Lenovo\Desktop\P_SAREE SOUL\views\admin\dashboard.ejs:98
    96|               <h6>Total Revenue</h6>
    97|             </div>
 >> 98|             <div class="stat-value"><%= totalRevenue.toLocaleString('en-IN') %></div>
    99|             <div class="stat-change <%= revenueChange >= 0 ? 'positive' : 'negative' %>">
    100|               <i class="fas fa-arrow-<%= revenueChange >= 0 ? 'up' : 'down' %>"></i>
    101|               <%= Math.abs(revenueChange) %>%

totalRevenue is not defined
2025-11-21 21:07:46 [ERROR]: Error: C:\Users\Lenovo\Desktop\P_SAREE SOUL\views\admin\dashboard.ejs:98
    96|               <h6>Total Revenue</h6>
    97|             </div>
 >> 98|             <div class="stat-value"><%= totalRevenue.toLocaleString('en-IN') %></div>
    99|             <div class="stat-change <%= revenueChange >= 0 ? 'positive' : 'negative' %>">
    100|               <i class="fas fa-arrow-<%= revenueChange >= 0 ? 'up' : 'down' %>"></i>
    101|               <%= Math.abs(revenueChange) %>%

totalRevenue is not defined
2025-11-22 08:35:36 [ERROR]: Error: Not found -/assets/imgs/theme/favicon.svg
2025-11-22 08:35:48 [ERROR]: Error: Not found -/favicon.ico
2025-11-22 08:35:53 [ERROR]: Error: C:\Users\Lenovo\Desktop\P_SAREE SOUL\views\admin\dashboard.ejs:98
    96|               <h6>Total Revenue</h6>
    97|             </div>
 >> 98|             <div class="stat-value"><%= totalRevenue.toLocaleString('en-IN') %></div>
    99|             <div class="stat-change <%= revenueChange >= 0 ? 'positive' : 'negative' %>">
    100|               <i class="fas fa-arrow-<%= revenueChange >= 0 ? 'up' : 'down' %>"></i>
    101|               <%= Math.abs(revenueChange) %>%

totalRevenue is not defined
2025-11-22 09:10:18 [ERROR]: Error: Not found -/admin/assets/js/bootstrap.bundle.min.js
2025-11-22 09:10:39 [ERROR]: Error: Not found -/admin/assets/js/bootstrap.bundle.min.js
2025-11-22 09:15:39 [ERROR]: Error: Not found -/admin/assets/js/bootstrap.bundle.min.js
2025-11-22 09:16:40 [ERROR]: Error: Not found -/admin/assets/js/bootstrap.bundle.min.js
2025-11-22 09:16:44 [ERROR]: Error: Not found -/admin/assets/js/bootstrap.bundle.min.js
2025-11-22 09:26:53 [ERROR]: Error: Not found -/admin/assets/js/bootstrap.bundle.min.js
2025-11-22 09:27:01 [ERROR]: Error: Not found -/admin/assets/js/bootstrap.bundle.min.js
2025-11-22 09:27:39 [ERROR]: Error: Not found -/admin/assets/js/bootstrap.bundle.min.js
2025-11-22 09:27:51 [ERROR]: Error: Not found -/admin/assets/js/bootstrap.bundle.min.js
2025-11-22 09:28:09 [ERROR]: Error: Not found -/admin/assets/js/bootstrap.bundle.min.js
2025-11-22 09:28:11 [ERROR]: Error: Not found -/admin/assets/js/bootstrap.bundle.min.js
2025-11-22 09:34:22 [ERROR]: Error: Not found -/assets/js/bootstrap.bundle.min.js
2025-11-22 09:36:14 [ERROR]: Error: Not found -/assets/js/bootstrap.bundle.min.js
2025-11-22 09:36:31 [ERROR]: Error: Not found -/assets/js/bootstrap.bundle.min.js
2025-11-22 09:39:47 [ERROR]: Error: Not found -/admin/admin/assets/js/vendors/bootstrap.bundle.min.js
2025-11-22 09:48:42 [ERROR]: Error: Not found -/admin/assets/js/bootstrap.bundle.min.js
2025-11-22 09:54:11 [ERROR]: Error: Not found -/admin/assets/js/bootstrap.bundle.min.js
2025-11-22 09:56:07 [ERROR]: (node:38124) [DEP0044] DeprecationWarning: The `util.isArray` API is deprecated. Please use `Array.isArray()` instead.
(Use `node --trace-deprecation ...` to show where the warning was created)
2025-11-22 10:00:09 [ERROR]: Error: Not found -/admin/assets/js/bootstrap.bundle.min.js
2025-11-22 10:29:07 [ERROR]: Error: Not found -/admin/assets/js/bootstrap.bundle.min.js
2025-11-22 10:29:09 [ERROR]: Error: Not found -/admin/assets/js/bootstrap.bundle.min.js
2025-11-22 10:29:10 [ERROR]: Error: Not found -/admin/assets/js/bootstrap.bundle.min.js
2025-11-22 10:29:12 [ERROR]: Error: Not found -/admin/assets/js/bootstrap.bundle.min.js
2025-11-22 10:29:14 [ERROR]: Error: Not found -/admin/assets/js/bootstrap.bundle.min.js
2025-11-22 10:29:22 [ERROR]: Error: Not found -/admin/assets/js/bootstrap.bundle.min.js
2025-11-22 11:07:21 [ERROR]: Error: Not found -/admin/assets/js/bootstrap.bundle.min.js
2025-11-22 11:10:29 [ERROR]: Error: Not found -/admin/assets/js/bootstrap.bundle.min.js
2025-11-22 11:14:29 [ERROR]: Error: Not found -/admin/assets/js/bootstrap.bundle.min.js
2025-11-22 11:14:31 [ERROR]: Error: Not found -/admin/assets/js/bootstrap.bundle.min.js
2025-11-22 11:14:32 [ERROR]: Error: Not found -/admin/products/assets/imgs/theme/favicon.svg
2025-11-22 11:16:40 [ERROR]: Error: Not found -/admin/assets/js/bootstrap.bundle.min.js
2025-11-22 11:16:42 [ERROR]: Error: Not found -/admin/assets/js/bootstrap.bundle.min.js
2025-11-22 11:16:42 [ERROR]: Error: Not found -/admin/products/69214e3c59bd2cee206d248d/assets/imgs/theme/favicon.svg
2025-11-22 11:16:43 [ERROR]: Error: Not found -/admin/products/69214e3c59bd2cee206d248d/variants/assets/imgs/theme/favicon.svg
2025-11-22 11:19:14 [ERROR]: Error: Not found -/admin/assets/js/bootstrap.bundle.min.js
2025-11-22 11:21:57 [ERROR]: Error: Not found -/admin/assets/js/bootstrap.bundle.min.js
2025-11-22 12:06:12 [ERROR]: Error: Not found -/admin/dashboard/k
2025-11-22 12:37:06 [ERROR]: Error: C:\Users\Lenovo\Desktop\P_SAREE SOUL\views\admin\dashboard.ejs:98
    96|               <h6>Total Revenue</h6>
    97|             </div>
 >> 98|             <div class="stat-value"><%= totalRevenue.toLocaleString('en-IN') %></div>
    99|             <div class="stat-change <%= revenueChange >= 0 ? 'positive' : 'negative' %>">
    100|               <i class="fas fa-arrow-<%= revenueChange >= 0 ? 'up' : 'down' %>"></i>
    101|               <%= Math.abs(revenueChange) %>%

totalRevenue is not defined
2025-11-22 12:40:05 [ERROR]: Error: C:\Users\Lenovo\Desktop\P_SAREE SOUL\views\admin\dashboard.ejs:98
    96|               <h6>Total Revenue</h6>
    97|             </div>
 >> 98|             <div class="stat-value"><%= totalRevenue.toLocaleString('en-IN') %></div>
    99|             <div class="stat-change <%= revenueChange >= 0 ? 'positive' : 'negative' %>">
    100|               <i class="fas fa-arrow-<%= revenueChange >= 0 ? 'up' : 'down' %>"></i>
    101|               <%= Math.abs(revenueChange) %>%

totalRevenue is not defined
2025-11-22 12:42:11 [ERROR]: Error: C:\Users\Lenovo\Desktop\P_SAREE SOUL\views\admin\dashboard.ejs:98
    96|               <h6>Total Revenue</h6>
    97|             </div>
 >> 98|             <div class="stat-value"><%= totalRevenue.toLocaleString('en-IN') %></div>
    99|             <div class="stat-change <%= revenueChange >= 0 ? 'positive' : 'negative' %>">
    100|               <i class="fas fa-arrow-<%= revenueChange >= 0 ? 'up' : 'down' %>"></i>
    101|               <%= Math.abs(revenueChange) %>%

totalRevenue is not defined
2025-11-22 12:58:14 [ERROR]: Error: Cannot set headers after they are sent to the client
2025-11-22 13:00:34 [ERROR]: Error: C:\Users\Lenovo\Desktop\P_SAREE SOUL\views\admin\dashboard.ejs:98
    96|               <h6>Total Revenue</h6>
    97|             </div>
 >> 98|             <div class="stat-value"><%= totalRevenue.toLocaleString('en-IN') %></div>
    99|             <div class="stat-change <%= revenueChange >= 0 ? 'positive' : 'negative' %>">
    100|               <i class="fas fa-arrow-<%= revenueChange >= 0 ? 'up' : 'down' %>"></i>
    101|               <%= Math.abs(revenueChange) %>%

totalRevenue is not defined
2025-11-22 13:03:06 [ERROR]: Error: isAdmin is not defined
2025-11-22 13:06:15 [ERROR]: Error: Cannot read properties of undefined (reading 'isAdmin')
2025-11-22 13:09:51 [ERROR]: Error: Cannot read properties of undefined (reading 'isAdmin')
2025-11-22 13:10:46 [ERROR]: Error: Cannot read properties of undefined (reading 'isAdmin')
2025-11-22 13:10:55 [ERROR]: Error: Cannot read properties of undefined (reading 'isAdmin')
2025-11-22 13:23:27 [ERROR]: Error: Not found -/admin/assets/js/bootstrap.bundle.min.js
2025-11-22 13:23:42 [ERROR]: Error: Not found -/admin/kjbkbdfibjd
2025-11-22 14:25:15 [ERROR]: Error: Not found -/admin/assets/js/bootstrap.bundle.min.js
2025-11-22 14:25:17 [ERROR]: Error: Not found -/admin/assets/js/bootstrap.bundle.min.js
2025-11-22 14:25:18 [ERROR]: Error: Not found -/admin/assets/js/bootstrap.bundle.min.js
2025-11-22 14:25:20 [ERROR]: Error: Not found -/admin/assets/js/bootstrap.bundle.min.js
2025-11-22 14:25:22 [ERROR]: Error: Not found -/admin/assets/js/bootstrap.bundle.min.js
2025-11-22 14:25:23 [ERROR]: Error: Not found -/admin/assets/js/bootstrap.bundle.min.js
2025-11-22 14:25:26 [ERROR]: Error: Not found -/admin/assets/js/bootstrap.bundle.min.js
2025-11-22 14:46:31 [ERROR]: Error: Not found -/admin/assets/js/bootstrap.bundle.min.js
2025-11-22 14:46:43 [ERROR]: Error: Not found -/admin/assets/js/bootstrap.bundle.min.js
2025-11-22 14:46:44 [ERROR]: Error: Not found -/admin/assets/js/bootstrap.bundle.min.js
2025-11-22 14:50:11 [ERROR]: Error: Not found -/admin/assets/js/bootstrap.bundle.min.js
2025-11-22 14:50:11 [ERROR]: Error: Not found -/favicon.ico
2025-11-22 15:00:00 [ERROR]: Error: Not found -/admin/assets/js/bootstrap.bundle.min.js
2025-11-22 15:01:57 [ERROR]: Error: Not found -/admin/assets/js/bootstrap.bundle.min.js
2025-11-22 15:02:59 [ERROR]: Error: Not found -/admin/assets/js/bootstrap.bundle.min.js
2025-11-22 15:03:49 [ERROR]: Error: Not found -/admin/assets/js/bootstrap.bundle.min.js
2025-11-22 15:04:43 [ERROR]: Error: Not found -/admin/assets/js/bootstrap.bundle.min.js
2025-11-22 15:06:46 [ERROR]: Error: Not found -/admin/assets/js/bootstrap.bundle.min.js
2025-11-22 15:07:42 [ERROR]: Error: Not found -/admin/assets/js/bootstrap.bundle.min.js
2025-11-22 15:09:13 [ERROR]: Error: Not found -/admin/assets/js/bootstrap.bundle.min.js
2025-11-22 17:11:02 [ERROR]: Error: Not found -/images/default-profile.png
2025-11-22 18:51:32 [ERROR]: Error: Not found -/admin/assets/js/bootstrap.bundle.min.js
2025-11-22 18:51:32 [ERROR]: Error: Not found -/admin/coupons/assets/imgs/theme/favicon.svg
2025-11-22 18:55:12 [ERROR]: Error: Not found -/admin/assets/js/bootstrap.bundle.min.js
2025-11-22 19:34:12 [ERROR]: Error: Not found -/admin/assets/js/bootstrap.bundle.min.js
2025-11-22 19:35:33 [ERROR]: Error: Not found -/admin/assets/js/bootstrap.bundle.min.js
2025-11-22 19:35:33 [ERROR]: Error: Not found -/admin/products/6921c327d8fababa809cacfd/assets/imgs/theme/favicon.svg
2025-11-22 19:35:35 [ERROR]: Error: Not found -/admin/products/6921c327d8fababa809cacfd/variants/assets/imgs/theme/favicon.svg
2025-11-22 19:57:15 [ERROR]: Error: Not found -/admin/assets/js/bootstrap.bundle.min.js
2025-11-22 19:57:23 [ERROR]: Error: Not found -/admin/assets/js/bootstrap.bundle.min.js
2025-11-22 19:58:21 [ERROR]: Error: Not found -/admin/assets/js/bootstrap.bundle.min.js
2025-11-22 19:58:21 [ERROR]: Error: Not found -/admin/products/6921c87fd8fababa809cae18/assets/imgs/theme/favicon.svg
2025-11-22 19:58:23 [ERROR]: Error: Not found -/admin/products/6921c87fd8fababa809cae18/variants/assets/imgs/theme/favicon.svg
2025-11-22 20:08:21 [ERROR]: Error: Not found -/admin/assets/js/bootstrap.bundle.min.js
2025-11-22 20:13:12 [ERROR]: Error: Not found -/admin/assets/js/bootstrap.bundle.min.js
2025-11-22 20:27:39 [ERROR]: Error: Not found -/images/default-profile.png
2025-11-22 20:33:50 [ERROR]: Error: Not found -/admin/assets/js/bootstrap.bundle.min.js
2025-11-22 20:34:32 [ERROR]: Error: Not found -/admin/assets/js/bootstrap.bundle.min.js
2025-11-23 13:20:21 [ERROR]: Error: Not found -/assets/imgs/theme/favicon.svg
2025-11-23 13:20:27 [ERROR]: Error: Not found -/favicon.ico
2025-11-23 13:30:14 [ERROR]: Error: Not found -/admin/assets/js/bootstrap.bundle.min.js
2025-11-23 13:30:51 [ERROR]: Error: Not found -/admin/assets/js/bootstrap.bundle.min.js
2025-11-23 15:31:08 [ERROR]: Error: Not found -/.well-known/appspecific/com.chrome.devtools.json
2025-11-23 15:31:09 [ERROR]: Error: Not found -/user/assets/js/plugins/jquery.syotimer.min.js.map
2025-11-23 21:07:19 [ERROR]: Error: Not found -/admin/assets/js/bootstrap.bundle.min.js
2025-11-23 21:07:19 [ERROR]: Error: Not found -/admin/products/assets/imgs/theme/favicon.svg
2025-11-23 21:08:28 [ERROR]: Error: Not found -/admin/assets/js/bootstrap.bundle.min.js
2025-11-23 21:08:28 [ERROR]: Error: Not found -/admin/products/69232a6e84d7e48af153eb7f/assets/imgs/theme/favicon.svg
2025-11-23 21:08:29 [ERROR]: Error: Not found -/admin/products/69232a6e84d7e48af153eb7f/variants/assets/imgs/theme/favicon.svg
2025-11-23 21:09:40 [ERROR]: Error: Not found -/admin/assets/js/bootstrap.bundle.min.js
2025-11-23 21:15:59 [ERROR]: Error: Not found -/admin/assets/js/bootstrap.bundle.min.js
2025-11-23 21:23:42 [ERROR]: Error: Not found -/admin/products/69232a6e84d7e48af153eb7f/variants//u
2025-11-23 21:27:12 [ERROR]: Error: Not found -/admin/products/69232a6e84d7e48af153eb7f/variants//u
2025-11-23 21:27:28 [ERROR]: Error: Not found -/admin/products/69232a6e84d7e48af153eb7f/variants/iii
2025-11-23 21:27:30 [ERROR]: Error: Not found -/
2025-11-23 21:27:33 [ERROR]: Error: Not found -/
2025-11-23 21:29:07 [ERROR]: Error: Not found -/
2025-11-23 21:29:13 [ERROR]: Error: Not found -/admin/products/69232a6e84d7e48af153eb7f/variants/iii
2025-11-24 09:17:36 [ERROR]: Error: Not found -/shopkk
2025-11-24 09:38:40 [ERROR]: Error: Not found -/shopll
2025-11-24 09:38:49 [ERROR]: Error: Not found -/
2025-11-24 09:38:50 [ERROR]: Error: Not found -/
2025-11-24 09:40:59 [ERROR]: Error: Not found -/
2025-11-24 09:41:08 [ERROR]: Error: Not found -/jnjifnjirij
2025-11-24 09:41:22 [ERROR]: Error: Not found -/admin/categories/tu
2025-11-24 13:20:24 [ERROR]: Error: Not found -/favicon.ico
2025-11-24 13:20:54 [ERROR]: Error: Not found -/admin/assets/js/bootstrap.bundle.min.js
2025-11-24 13:20:54 [ERROR]: Error: Not found -/admin/coupons/assets/imgs/theme/favicon.svg
2025-11-24 13:21:11 [ERROR]: Error: Not found -/admin/assets/js/bootstrap.bundle.min.js
2025-11-24 14:24:26 [ERROR]: Error: Not found -/admin/assets/js/bootstrap.bundle.min.js
2025-11-24 14:24:26 [ERROR]: Error: Not found -/admin/orders/assets/imgs/theme/favicon.svg
2025-11-24 14:24:55 [ERROR]: Error: Not found -/assets/imgs/theme/favicon.svg
